[2025-10-31T13:23:16.392+0000] {processor.py:161} INFO - Started process (PID=178) to work on /opt/airflow/dags/codestats_to_postgres.py
[2025-10-31T13:23:16.394+0000] {processor.py:830} INFO - Processing file /opt/airflow/dags/codestats_to_postgres.py for tasks to queue
[2025-10-31T13:23:16.398+0000] {logging_mixin.py:188} INFO - [2025-10-31T13:23:16.398+0000] {dagbag.py:545} INFO - Filling up the DagBag from /opt/airflow/dags/codestats_to_postgres.py
[2025-10-31T13:23:16.477+0000] {processor.py:840} INFO - DAG(s) 'codestats_to_postgres' retrieved from /opt/airflow/dags/codestats_to_postgres.py
[2025-10-31T13:23:17.004+0000] {logging_mixin.py:188} INFO - [2025-10-31T13:23:17.002+0000] {override.py:1829} INFO - Created Permission View: can read on DAG:codestats_to_postgres
[2025-10-31T13:23:17.027+0000] {logging_mixin.py:188} INFO - [2025-10-31T13:23:17.026+0000] {override.py:1829} INFO - Created Permission View: can delete on DAG:codestats_to_postgres
[2025-10-31T13:23:17.037+0000] {logging_mixin.py:188} INFO - [2025-10-31T13:23:17.037+0000] {override.py:1829} INFO - Created Permission View: can edit on DAG:codestats_to_postgres
[2025-10-31T13:23:17.039+0000] {logging_mixin.py:188} INFO - [2025-10-31T13:23:17.038+0000] {dag.py:3096} INFO - Sync 1 DAGs
[2025-10-31T13:23:17.061+0000] {logging_mixin.py:188} INFO - [2025-10-31T13:23:17.061+0000] {dag.py:3118} INFO - Creating ORM DAG for codestats_to_postgres
[2025-10-31T13:23:17.081+0000] {logging_mixin.py:188} INFO - [2025-10-31T13:23:17.080+0000] {dag.py:3954} INFO - Setting next_dagrun for codestats_to_postgres to 2025-10-30 00:00:00+00:00, run_after=2025-10-31 00:00:00+00:00
[2025-10-31T13:23:17.124+0000] {processor.py:183} INFO - Processing /opt/airflow/dags/codestats_to_postgres.py took 0.745 seconds
[2025-10-31T13:23:47.452+0000] {processor.py:161} INFO - Started process (PID=198) to work on /opt/airflow/dags/codestats_to_postgres.py
[2025-10-31T13:23:47.454+0000] {processor.py:830} INFO - Processing file /opt/airflow/dags/codestats_to_postgres.py for tasks to queue
[2025-10-31T13:23:47.456+0000] {logging_mixin.py:188} INFO - [2025-10-31T13:23:47.456+0000] {dagbag.py:545} INFO - Filling up the DagBag from /opt/airflow/dags/codestats_to_postgres.py
[2025-10-31T13:23:47.482+0000] {processor.py:840} INFO - DAG(s) 'codestats_to_postgres' retrieved from /opt/airflow/dags/codestats_to_postgres.py
[2025-10-31T13:23:47.514+0000] {logging_mixin.py:188} INFO - [2025-10-31T13:23:47.513+0000] {dag.py:3096} INFO - Sync 1 DAGs
[2025-10-31T13:23:47.543+0000] {logging_mixin.py:188} INFO - [2025-10-31T13:23:47.543+0000] {dag.py:3954} INFO - Setting next_dagrun for codestats_to_postgres to 2025-10-30 00:00:00+00:00, run_after=2025-10-31 00:00:00+00:00
[2025-10-31T13:23:47.574+0000] {processor.py:183} INFO - Processing /opt/airflow/dags/codestats_to_postgres.py took 0.129 seconds
[2025-10-31T13:24:17.910+0000] {processor.py:161} INFO - Started process (PID=217) to work on /opt/airflow/dags/codestats_to_postgres.py
[2025-10-31T13:24:17.919+0000] {processor.py:830} INFO - Processing file /opt/airflow/dags/codestats_to_postgres.py for tasks to queue
[2025-10-31T13:24:17.926+0000] {logging_mixin.py:188} INFO - [2025-10-31T13:24:17.925+0000] {dagbag.py:545} INFO - Filling up the DagBag from /opt/airflow/dags/codestats_to_postgres.py
[2025-10-31T13:24:18.002+0000] {processor.py:840} INFO - DAG(s) 'codestats_to_postgres' retrieved from /opt/airflow/dags/codestats_to_postgres.py
[2025-10-31T13:24:18.098+0000] {logging_mixin.py:188} INFO - [2025-10-31T13:24:18.097+0000] {dag.py:3096} INFO - Sync 1 DAGs
[2025-10-31T13:24:18.203+0000] {logging_mixin.py:188} INFO - [2025-10-31T13:24:18.202+0000] {dag.py:3954} INFO - Setting next_dagrun for codestats_to_postgres to 2025-10-30 00:00:00+00:00, run_after=2025-10-31 00:00:00+00:00
[2025-10-31T13:24:18.319+0000] {processor.py:183} INFO - Processing /opt/airflow/dags/codestats_to_postgres.py took 0.428 seconds
[2025-10-31T13:24:48.803+0000] {processor.py:161} INFO - Started process (PID=236) to work on /opt/airflow/dags/codestats_to_postgres.py
[2025-10-31T13:24:48.806+0000] {processor.py:830} INFO - Processing file /opt/airflow/dags/codestats_to_postgres.py for tasks to queue
[2025-10-31T13:24:48.811+0000] {logging_mixin.py:188} INFO - [2025-10-31T13:24:48.810+0000] {dagbag.py:545} INFO - Filling up the DagBag from /opt/airflow/dags/codestats_to_postgres.py
[2025-10-31T13:24:48.873+0000] {processor.py:840} INFO - DAG(s) 'codestats_to_postgres' retrieved from /opt/airflow/dags/codestats_to_postgres.py
[2025-10-31T13:24:48.936+0000] {logging_mixin.py:188} INFO - [2025-10-31T13:24:48.935+0000] {dag.py:3096} INFO - Sync 1 DAGs
[2025-10-31T13:24:48.986+0000] {logging_mixin.py:188} INFO - [2025-10-31T13:24:48.986+0000] {dag.py:3954} INFO - Setting next_dagrun for codestats_to_postgres to 2025-10-30 00:00:00+00:00, run_after=2025-10-31 00:00:00+00:00
[2025-10-31T13:24:49.052+0000] {processor.py:183} INFO - Processing /opt/airflow/dags/codestats_to_postgres.py took 0.263 seconds
[2025-10-31T13:25:19.239+0000] {processor.py:161} INFO - Started process (PID=257) to work on /opt/airflow/dags/codestats_to_postgres.py
[2025-10-31T13:25:19.242+0000] {processor.py:830} INFO - Processing file /opt/airflow/dags/codestats_to_postgres.py for tasks to queue
[2025-10-31T13:25:19.247+0000] {logging_mixin.py:188} INFO - [2025-10-31T13:25:19.247+0000] {dagbag.py:545} INFO - Filling up the DagBag from /opt/airflow/dags/codestats_to_postgres.py
[2025-10-31T13:25:19.308+0000] {processor.py:840} INFO - DAG(s) 'codestats_to_postgres' retrieved from /opt/airflow/dags/codestats_to_postgres.py
[2025-10-31T13:25:19.365+0000] {logging_mixin.py:188} INFO - [2025-10-31T13:25:19.364+0000] {dag.py:3096} INFO - Sync 1 DAGs
[2025-10-31T13:25:19.418+0000] {logging_mixin.py:188} INFO - [2025-10-31T13:25:19.417+0000] {dag.py:3954} INFO - Setting next_dagrun for codestats_to_postgres to 2025-10-31 00:00:00+00:00, run_after=2025-11-01 00:00:00+00:00
[2025-10-31T13:25:19.505+0000] {processor.py:183} INFO - Processing /opt/airflow/dags/codestats_to_postgres.py took 0.280 seconds
[2025-10-31T13:25:49.845+0000] {processor.py:161} INFO - Started process (PID=276) to work on /opt/airflow/dags/codestats_to_postgres.py
[2025-10-31T13:25:49.847+0000] {processor.py:830} INFO - Processing file /opt/airflow/dags/codestats_to_postgres.py for tasks to queue
[2025-10-31T13:25:49.851+0000] {logging_mixin.py:188} INFO - [2025-10-31T13:25:49.850+0000] {dagbag.py:545} INFO - Filling up the DagBag from /opt/airflow/dags/codestats_to_postgres.py
[2025-10-31T13:25:49.908+0000] {processor.py:840} INFO - DAG(s) 'codestats_to_postgres' retrieved from /opt/airflow/dags/codestats_to_postgres.py
[2025-10-31T13:25:49.965+0000] {logging_mixin.py:188} INFO - [2025-10-31T13:25:49.964+0000] {dag.py:3096} INFO - Sync 1 DAGs
[2025-10-31T13:25:50.010+0000] {logging_mixin.py:188} INFO - [2025-10-31T13:25:50.010+0000] {dag.py:3954} INFO - Setting next_dagrun for codestats_to_postgres to 2025-10-31 00:00:00+00:00, run_after=2025-11-01 00:00:00+00:00
[2025-10-31T13:25:50.068+0000] {processor.py:183} INFO - Processing /opt/airflow/dags/codestats_to_postgres.py took 0.235 seconds
[2025-10-31T13:26:20.415+0000] {processor.py:161} INFO - Started process (PID=288) to work on /opt/airflow/dags/codestats_to_postgres.py
[2025-10-31T13:26:20.418+0000] {processor.py:830} INFO - Processing file /opt/airflow/dags/codestats_to_postgres.py for tasks to queue
[2025-10-31T13:26:20.422+0000] {logging_mixin.py:188} INFO - [2025-10-31T13:26:20.422+0000] {dagbag.py:545} INFO - Filling up the DagBag from /opt/airflow/dags/codestats_to_postgres.py
[2025-10-31T13:26:20.494+0000] {processor.py:840} INFO - DAG(s) 'codestats_to_postgres' retrieved from /opt/airflow/dags/codestats_to_postgres.py
[2025-10-31T13:26:20.574+0000] {logging_mixin.py:188} INFO - [2025-10-31T13:26:20.573+0000] {dag.py:3096} INFO - Sync 1 DAGs
[2025-10-31T13:26:20.652+0000] {logging_mixin.py:188} INFO - [2025-10-31T13:26:20.651+0000] {dag.py:3954} INFO - Setting next_dagrun for codestats_to_postgres to 2025-10-31 00:00:00+00:00, run_after=2025-11-01 00:00:00+00:00
[2025-10-31T13:26:20.719+0000] {processor.py:183} INFO - Processing /opt/airflow/dags/codestats_to_postgres.py took 0.319 seconds
[2025-10-31T13:36:19.907+0000] {processor.py:161} INFO - Started process (PID=307) to work on /opt/airflow/dags/codestats_to_postgres.py
[2025-10-31T13:36:19.926+0000] {processor.py:830} INFO - Processing file /opt/airflow/dags/codestats_to_postgres.py for tasks to queue
[2025-10-31T13:36:19.943+0000] {logging_mixin.py:188} INFO - [2025-10-31T13:36:19.942+0000] {dagbag.py:545} INFO - Filling up the DagBag from /opt/airflow/dags/codestats_to_postgres.py
[2025-10-31T13:36:21.061+0000] {processor.py:840} INFO - DAG(s) 'codestats_to_postgres' retrieved from /opt/airflow/dags/codestats_to_postgres.py
[2025-10-31T13:36:21.712+0000] {logging_mixin.py:188} INFO - [2025-10-31T13:36:21.711+0000] {dag.py:3096} INFO - Sync 1 DAGs
[2025-10-31T13:36:22.069+0000] {logging_mixin.py:188} INFO - [2025-10-31T13:36:22.068+0000] {dag.py:3954} INFO - Setting next_dagrun for codestats_to_postgres to 2025-10-31 00:00:00+00:00, run_after=2025-11-01 00:00:00+00:00
[2025-10-31T13:36:22.370+0000] {processor.py:183} INFO - Processing /opt/airflow/dags/codestats_to_postgres.py took 2.524 seconds
[2025-10-31T13:36:53.208+0000] {processor.py:161} INFO - Started process (PID=319) to work on /opt/airflow/dags/codestats_to_postgres.py
[2025-10-31T13:36:53.222+0000] {processor.py:830} INFO - Processing file /opt/airflow/dags/codestats_to_postgres.py for tasks to queue
[2025-10-31T13:36:53.257+0000] {logging_mixin.py:188} INFO - [2025-10-31T13:36:53.256+0000] {dagbag.py:545} INFO - Filling up the DagBag from /opt/airflow/dags/codestats_to_postgres.py
[2025-10-31T13:36:53.371+0000] {processor.py:840} INFO - DAG(s) 'codestats_to_postgres' retrieved from /opt/airflow/dags/codestats_to_postgres.py
[2025-10-31T13:36:53.629+0000] {logging_mixin.py:188} INFO - [2025-10-31T13:36:53.628+0000] {dag.py:3096} INFO - Sync 1 DAGs
[2025-10-31T13:36:53.914+0000] {logging_mixin.py:188} INFO - [2025-10-31T13:36:53.913+0000] {dag.py:3954} INFO - Setting next_dagrun for codestats_to_postgres to 2025-10-31 00:00:00+00:00, run_after=2025-11-01 00:00:00+00:00
[2025-10-31T13:36:54.181+0000] {processor.py:183} INFO - Processing /opt/airflow/dags/codestats_to_postgres.py took 1.077 seconds
[2025-10-31T13:37:24.423+0000] {processor.py:161} INFO - Started process (PID=338) to work on /opt/airflow/dags/codestats_to_postgres.py
[2025-10-31T13:37:24.426+0000] {processor.py:830} INFO - Processing file /opt/airflow/dags/codestats_to_postgres.py for tasks to queue
[2025-10-31T13:37:24.431+0000] {logging_mixin.py:188} INFO - [2025-10-31T13:37:24.430+0000] {dagbag.py:545} INFO - Filling up the DagBag from /opt/airflow/dags/codestats_to_postgres.py
[2025-10-31T13:37:24.499+0000] {processor.py:840} INFO - DAG(s) 'codestats_to_postgres' retrieved from /opt/airflow/dags/codestats_to_postgres.py
[2025-10-31T13:37:24.554+0000] {logging_mixin.py:188} INFO - [2025-10-31T13:37:24.554+0000] {dag.py:3096} INFO - Sync 1 DAGs
[2025-10-31T13:37:24.609+0000] {logging_mixin.py:188} INFO - [2025-10-31T13:37:24.608+0000] {dag.py:3954} INFO - Setting next_dagrun for codestats_to_postgres to 2025-10-31 00:00:00+00:00, run_after=2025-11-01 00:00:00+00:00
[2025-10-31T13:37:24.649+0000] {processor.py:183} INFO - Processing /opt/airflow/dags/codestats_to_postgres.py took 0.239 seconds
[2025-10-31T13:37:54.815+0000] {processor.py:161} INFO - Started process (PID=358) to work on /opt/airflow/dags/codestats_to_postgres.py
[2025-10-31T13:37:54.817+0000] {processor.py:830} INFO - Processing file /opt/airflow/dags/codestats_to_postgres.py for tasks to queue
[2025-10-31T13:37:54.823+0000] {logging_mixin.py:188} INFO - [2025-10-31T13:37:54.823+0000] {dagbag.py:545} INFO - Filling up the DagBag from /opt/airflow/dags/codestats_to_postgres.py
[2025-10-31T13:37:54.900+0000] {processor.py:840} INFO - DAG(s) 'codestats_to_postgres' retrieved from /opt/airflow/dags/codestats_to_postgres.py
[2025-10-31T13:37:54.965+0000] {logging_mixin.py:188} INFO - [2025-10-31T13:37:54.965+0000] {dag.py:3096} INFO - Sync 1 DAGs
[2025-10-31T13:37:55.024+0000] {logging_mixin.py:188} INFO - [2025-10-31T13:37:55.024+0000] {dag.py:3954} INFO - Setting next_dagrun for codestats_to_postgres to 2025-10-31 00:00:00+00:00, run_after=2025-11-01 00:00:00+00:00
[2025-10-31T13:37:55.083+0000] {processor.py:183} INFO - Processing /opt/airflow/dags/codestats_to_postgres.py took 0.282 seconds
[2025-10-31T13:38:25.270+0000] {processor.py:161} INFO - Started process (PID=377) to work on /opt/airflow/dags/codestats_to_postgres.py
[2025-10-31T13:38:25.273+0000] {processor.py:830} INFO - Processing file /opt/airflow/dags/codestats_to_postgres.py for tasks to queue
[2025-10-31T13:38:25.277+0000] {logging_mixin.py:188} INFO - [2025-10-31T13:38:25.276+0000] {dagbag.py:545} INFO - Filling up the DagBag from /opt/airflow/dags/codestats_to_postgres.py
[2025-10-31T13:38:25.347+0000] {processor.py:840} INFO - DAG(s) 'codestats_to_postgres' retrieved from /opt/airflow/dags/codestats_to_postgres.py
[2025-10-31T13:38:25.411+0000] {logging_mixin.py:188} INFO - [2025-10-31T13:38:25.410+0000] {dag.py:3096} INFO - Sync 1 DAGs
[2025-10-31T13:38:25.465+0000] {logging_mixin.py:188} INFO - [2025-10-31T13:38:25.465+0000] {dag.py:3954} INFO - Setting next_dagrun for codestats_to_postgres to 2025-10-31 00:00:00+00:00, run_after=2025-11-01 00:00:00+00:00
[2025-10-31T13:38:25.570+0000] {processor.py:183} INFO - Processing /opt/airflow/dags/codestats_to_postgres.py took 0.315 seconds
[2025-10-31T13:38:55.726+0000] {processor.py:161} INFO - Started process (PID=396) to work on /opt/airflow/dags/codestats_to_postgres.py
[2025-10-31T13:38:55.729+0000] {processor.py:830} INFO - Processing file /opt/airflow/dags/codestats_to_postgres.py for tasks to queue
[2025-10-31T13:38:55.734+0000] {logging_mixin.py:188} INFO - [2025-10-31T13:38:55.733+0000] {dagbag.py:545} INFO - Filling up the DagBag from /opt/airflow/dags/codestats_to_postgres.py
[2025-10-31T13:38:55.788+0000] {processor.py:840} INFO - DAG(s) 'codestats_to_postgres' retrieved from /opt/airflow/dags/codestats_to_postgres.py
[2025-10-31T13:38:55.860+0000] {logging_mixin.py:188} INFO - [2025-10-31T13:38:55.859+0000] {dag.py:3096} INFO - Sync 1 DAGs
[2025-10-31T13:38:55.931+0000] {logging_mixin.py:188} INFO - [2025-10-31T13:38:55.930+0000] {dag.py:3954} INFO - Setting next_dagrun for codestats_to_postgres to 2025-10-31 00:00:00+00:00, run_after=2025-11-01 00:00:00+00:00
[2025-10-31T13:38:56.003+0000] {processor.py:183} INFO - Processing /opt/airflow/dags/codestats_to_postgres.py took 0.294 seconds
[2025-10-31T13:39:26.274+0000] {processor.py:161} INFO - Started process (PID=415) to work on /opt/airflow/dags/codestats_to_postgres.py
[2025-10-31T13:39:26.276+0000] {processor.py:830} INFO - Processing file /opt/airflow/dags/codestats_to_postgres.py for tasks to queue
[2025-10-31T13:39:26.282+0000] {logging_mixin.py:188} INFO - [2025-10-31T13:39:26.281+0000] {dagbag.py:545} INFO - Filling up the DagBag from /opt/airflow/dags/codestats_to_postgres.py
[2025-10-31T13:39:26.339+0000] {processor.py:840} INFO - DAG(s) 'codestats_to_postgres' retrieved from /opt/airflow/dags/codestats_to_postgres.py
[2025-10-31T13:39:26.421+0000] {logging_mixin.py:188} INFO - [2025-10-31T13:39:26.421+0000] {dag.py:3096} INFO - Sync 1 DAGs
[2025-10-31T13:39:26.480+0000] {logging_mixin.py:188} INFO - [2025-10-31T13:39:26.480+0000] {dag.py:3954} INFO - Setting next_dagrun for codestats_to_postgres to 2025-10-31 00:00:00+00:00, run_after=2025-11-01 00:00:00+00:00
[2025-10-31T13:39:26.525+0000] {processor.py:183} INFO - Processing /opt/airflow/dags/codestats_to_postgres.py took 0.266 seconds
[2025-10-31T13:39:56.687+0000] {processor.py:161} INFO - Started process (PID=434) to work on /opt/airflow/dags/codestats_to_postgres.py
[2025-10-31T13:39:56.689+0000] {processor.py:830} INFO - Processing file /opt/airflow/dags/codestats_to_postgres.py for tasks to queue
[2025-10-31T13:39:56.693+0000] {logging_mixin.py:188} INFO - [2025-10-31T13:39:56.692+0000] {dagbag.py:545} INFO - Filling up the DagBag from /opt/airflow/dags/codestats_to_postgres.py
[2025-10-31T13:39:56.752+0000] {processor.py:840} INFO - DAG(s) 'codestats_to_postgres' retrieved from /opt/airflow/dags/codestats_to_postgres.py
[2025-10-31T13:39:56.814+0000] {logging_mixin.py:188} INFO - [2025-10-31T13:39:56.814+0000] {dag.py:3096} INFO - Sync 1 DAGs
[2025-10-31T13:39:56.864+0000] {logging_mixin.py:188} INFO - [2025-10-31T13:39:56.864+0000] {dag.py:3954} INFO - Setting next_dagrun for codestats_to_postgres to 2025-10-31 00:00:00+00:00, run_after=2025-11-01 00:00:00+00:00
[2025-10-31T13:39:56.923+0000] {processor.py:183} INFO - Processing /opt/airflow/dags/codestats_to_postgres.py took 0.249 seconds
[2025-10-31T13:40:27.188+0000] {processor.py:161} INFO - Started process (PID=454) to work on /opt/airflow/dags/codestats_to_postgres.py
[2025-10-31T13:40:27.190+0000] {processor.py:830} INFO - Processing file /opt/airflow/dags/codestats_to_postgres.py for tasks to queue
[2025-10-31T13:40:27.195+0000] {logging_mixin.py:188} INFO - [2025-10-31T13:40:27.194+0000] {dagbag.py:545} INFO - Filling up the DagBag from /opt/airflow/dags/codestats_to_postgres.py
[2025-10-31T13:40:27.254+0000] {processor.py:840} INFO - DAG(s) 'codestats_to_postgres' retrieved from /opt/airflow/dags/codestats_to_postgres.py
[2025-10-31T13:40:27.333+0000] {logging_mixin.py:188} INFO - [2025-10-31T13:40:27.332+0000] {dag.py:3096} INFO - Sync 1 DAGs
[2025-10-31T13:40:27.405+0000] {logging_mixin.py:188} INFO - [2025-10-31T13:40:27.404+0000] {dag.py:3954} INFO - Setting next_dagrun for codestats_to_postgres to 2025-10-31 00:00:00+00:00, run_after=2025-11-01 00:00:00+00:00
[2025-10-31T13:40:27.509+0000] {processor.py:183} INFO - Processing /opt/airflow/dags/codestats_to_postgres.py took 0.341 seconds
[2025-10-31T13:40:57.876+0000] {processor.py:161} INFO - Started process (PID=473) to work on /opt/airflow/dags/codestats_to_postgres.py
[2025-10-31T13:40:57.879+0000] {processor.py:830} INFO - Processing file /opt/airflow/dags/codestats_to_postgres.py for tasks to queue
[2025-10-31T13:40:57.885+0000] {logging_mixin.py:188} INFO - [2025-10-31T13:40:57.884+0000] {dagbag.py:545} INFO - Filling up the DagBag from /opt/airflow/dags/codestats_to_postgres.py
[2025-10-31T13:40:57.948+0000] {processor.py:840} INFO - DAG(s) 'codestats_to_postgres' retrieved from /opt/airflow/dags/codestats_to_postgres.py
[2025-10-31T13:40:58.018+0000] {logging_mixin.py:188} INFO - [2025-10-31T13:40:58.018+0000] {dag.py:3096} INFO - Sync 1 DAGs
[2025-10-31T13:40:58.086+0000] {logging_mixin.py:188} INFO - [2025-10-31T13:40:58.086+0000] {dag.py:3954} INFO - Setting next_dagrun for codestats_to_postgres to 2025-10-31 00:00:00+00:00, run_after=2025-11-01 00:00:00+00:00
[2025-10-31T13:40:58.156+0000] {processor.py:183} INFO - Processing /opt/airflow/dags/codestats_to_postgres.py took 0.297 seconds
[2025-10-31T13:41:28.283+0000] {processor.py:161} INFO - Started process (PID=492) to work on /opt/airflow/dags/codestats_to_postgres.py
[2025-10-31T13:41:28.285+0000] {processor.py:830} INFO - Processing file /opt/airflow/dags/codestats_to_postgres.py for tasks to queue
[2025-10-31T13:41:28.291+0000] {logging_mixin.py:188} INFO - [2025-10-31T13:41:28.290+0000] {dagbag.py:545} INFO - Filling up the DagBag from /opt/airflow/dags/codestats_to_postgres.py
[2025-10-31T13:41:28.347+0000] {processor.py:840} INFO - DAG(s) 'codestats_to_postgres' retrieved from /opt/airflow/dags/codestats_to_postgres.py
[2025-10-31T13:41:28.416+0000] {logging_mixin.py:188} INFO - [2025-10-31T13:41:28.416+0000] {dag.py:3096} INFO - Sync 1 DAGs
[2025-10-31T13:41:28.490+0000] {logging_mixin.py:188} INFO - [2025-10-31T13:41:28.489+0000] {dag.py:3954} INFO - Setting next_dagrun for codestats_to_postgres to 2025-10-31 00:00:00+00:00, run_after=2025-11-01 00:00:00+00:00
[2025-10-31T13:41:28.557+0000] {processor.py:183} INFO - Processing /opt/airflow/dags/codestats_to_postgres.py took 0.293 seconds
[2025-10-31T13:41:58.854+0000] {processor.py:161} INFO - Started process (PID=504) to work on /opt/airflow/dags/codestats_to_postgres.py
[2025-10-31T13:41:58.856+0000] {processor.py:830} INFO - Processing file /opt/airflow/dags/codestats_to_postgres.py for tasks to queue
[2025-10-31T13:41:58.861+0000] {logging_mixin.py:188} INFO - [2025-10-31T13:41:58.861+0000] {dagbag.py:545} INFO - Filling up the DagBag from /opt/airflow/dags/codestats_to_postgres.py
[2025-10-31T13:41:58.905+0000] {processor.py:840} INFO - DAG(s) 'codestats_to_postgres' retrieved from /opt/airflow/dags/codestats_to_postgres.py
[2025-10-31T13:41:58.986+0000] {logging_mixin.py:188} INFO - [2025-10-31T13:41:58.985+0000] {dag.py:3096} INFO - Sync 1 DAGs
[2025-10-31T13:41:59.049+0000] {logging_mixin.py:188} INFO - [2025-10-31T13:41:59.048+0000] {dag.py:3954} INFO - Setting next_dagrun for codestats_to_postgres to 2025-10-31 00:00:00+00:00, run_after=2025-11-01 00:00:00+00:00
[2025-10-31T13:41:59.095+0000] {processor.py:183} INFO - Processing /opt/airflow/dags/codestats_to_postgres.py took 0.259 seconds
[2025-10-31T13:42:29.491+0000] {processor.py:161} INFO - Started process (PID=523) to work on /opt/airflow/dags/codestats_to_postgres.py
[2025-10-31T13:42:29.493+0000] {processor.py:830} INFO - Processing file /opt/airflow/dags/codestats_to_postgres.py for tasks to queue
[2025-10-31T13:42:29.500+0000] {logging_mixin.py:188} INFO - [2025-10-31T13:42:29.499+0000] {dagbag.py:545} INFO - Filling up the DagBag from /opt/airflow/dags/codestats_to_postgres.py
[2025-10-31T13:42:29.563+0000] {processor.py:840} INFO - DAG(s) 'codestats_to_postgres' retrieved from /opt/airflow/dags/codestats_to_postgres.py
[2025-10-31T13:42:29.649+0000] {logging_mixin.py:188} INFO - [2025-10-31T13:42:29.648+0000] {dag.py:3096} INFO - Sync 1 DAGs
[2025-10-31T13:42:29.718+0000] {logging_mixin.py:188} INFO - [2025-10-31T13:42:29.717+0000] {dag.py:3954} INFO - Setting next_dagrun for codestats_to_postgres to 2025-10-31 00:00:00+00:00, run_after=2025-11-01 00:00:00+00:00
[2025-10-31T13:42:29.806+0000] {processor.py:183} INFO - Processing /opt/airflow/dags/codestats_to_postgres.py took 0.329 seconds
[2025-10-31T13:43:00.099+0000] {processor.py:161} INFO - Started process (PID=543) to work on /opt/airflow/dags/codestats_to_postgres.py
[2025-10-31T13:43:00.102+0000] {processor.py:830} INFO - Processing file /opt/airflow/dags/codestats_to_postgres.py for tasks to queue
[2025-10-31T13:43:00.106+0000] {logging_mixin.py:188} INFO - [2025-10-31T13:43:00.105+0000] {dagbag.py:545} INFO - Filling up the DagBag from /opt/airflow/dags/codestats_to_postgres.py
[2025-10-31T13:43:00.164+0000] {processor.py:840} INFO - DAG(s) 'codestats_to_postgres' retrieved from /opt/airflow/dags/codestats_to_postgres.py
[2025-10-31T13:43:00.214+0000] {logging_mixin.py:188} INFO - [2025-10-31T13:43:00.214+0000] {dag.py:3096} INFO - Sync 1 DAGs
[2025-10-31T13:43:00.280+0000] {logging_mixin.py:188} INFO - [2025-10-31T13:43:00.280+0000] {dag.py:3954} INFO - Setting next_dagrun for codestats_to_postgres to 2025-10-31 00:00:00+00:00, run_after=2025-11-01 00:00:00+00:00
[2025-10-31T13:43:00.331+0000] {processor.py:183} INFO - Processing /opt/airflow/dags/codestats_to_postgres.py took 0.244 seconds
[2025-10-31T13:43:30.550+0000] {processor.py:161} INFO - Started process (PID=562) to work on /opt/airflow/dags/codestats_to_postgres.py
[2025-10-31T13:43:30.553+0000] {processor.py:830} INFO - Processing file /opt/airflow/dags/codestats_to_postgres.py for tasks to queue
[2025-10-31T13:43:30.558+0000] {logging_mixin.py:188} INFO - [2025-10-31T13:43:30.558+0000] {dagbag.py:545} INFO - Filling up the DagBag from /opt/airflow/dags/codestats_to_postgres.py
[2025-10-31T13:43:30.626+0000] {processor.py:840} INFO - DAG(s) 'codestats_to_postgres' retrieved from /opt/airflow/dags/codestats_to_postgres.py
[2025-10-31T13:43:30.927+0000] {logging_mixin.py:188} INFO - [2025-10-31T13:43:30.927+0000] {dag.py:3096} INFO - Sync 1 DAGs
[2025-10-31T13:43:30.972+0000] {logging_mixin.py:188} INFO - [2025-10-31T13:43:30.971+0000] {dag.py:3954} INFO - Setting next_dagrun for codestats_to_postgres to 2025-10-31 00:00:00+00:00, run_after=2025-11-01 00:00:00+00:00
[2025-10-31T13:43:31.032+0000] {processor.py:183} INFO - Processing /opt/airflow/dags/codestats_to_postgres.py took 0.499 seconds
[2025-10-31T13:44:01.266+0000] {processor.py:161} INFO - Started process (PID=581) to work on /opt/airflow/dags/codestats_to_postgres.py
[2025-10-31T13:44:01.269+0000] {processor.py:830} INFO - Processing file /opt/airflow/dags/codestats_to_postgres.py for tasks to queue
[2025-10-31T13:44:01.273+0000] {logging_mixin.py:188} INFO - [2025-10-31T13:44:01.272+0000] {dagbag.py:545} INFO - Filling up the DagBag from /opt/airflow/dags/codestats_to_postgres.py
[2025-10-31T13:44:01.324+0000] {processor.py:840} INFO - DAG(s) 'codestats_to_postgres' retrieved from /opt/airflow/dags/codestats_to_postgres.py
[2025-10-31T13:44:01.377+0000] {logging_mixin.py:188} INFO - [2025-10-31T13:44:01.376+0000] {dag.py:3096} INFO - Sync 1 DAGs
[2025-10-31T13:44:01.423+0000] {logging_mixin.py:188} INFO - [2025-10-31T13:44:01.422+0000] {dag.py:3954} INFO - Setting next_dagrun for codestats_to_postgres to 2025-10-31 00:00:00+00:00, run_after=2025-11-01 00:00:00+00:00
[2025-10-31T13:44:01.493+0000] {processor.py:183} INFO - Processing /opt/airflow/dags/codestats_to_postgres.py took 0.240 seconds
[2025-10-31T13:44:31.711+0000] {processor.py:161} INFO - Started process (PID=600) to work on /opt/airflow/dags/codestats_to_postgres.py
[2025-10-31T13:44:31.713+0000] {processor.py:830} INFO - Processing file /opt/airflow/dags/codestats_to_postgres.py for tasks to queue
[2025-10-31T13:44:31.718+0000] {logging_mixin.py:188} INFO - [2025-10-31T13:44:31.717+0000] {dagbag.py:545} INFO - Filling up the DagBag from /opt/airflow/dags/codestats_to_postgres.py
[2025-10-31T13:44:31.775+0000] {processor.py:840} INFO - DAG(s) 'codestats_to_postgres' retrieved from /opt/airflow/dags/codestats_to_postgres.py
[2025-10-31T13:44:31.831+0000] {logging_mixin.py:188} INFO - [2025-10-31T13:44:31.831+0000] {dag.py:3096} INFO - Sync 1 DAGs
[2025-10-31T13:44:31.902+0000] {logging_mixin.py:188} INFO - [2025-10-31T13:44:31.902+0000] {dag.py:3954} INFO - Setting next_dagrun for codestats_to_postgres to 2025-10-31 00:00:00+00:00, run_after=2025-11-01 00:00:00+00:00
[2025-10-31T13:44:31.978+0000] {processor.py:183} INFO - Processing /opt/airflow/dags/codestats_to_postgres.py took 0.283 seconds
[2025-10-31T13:45:02.142+0000] {processor.py:161} INFO - Started process (PID=619) to work on /opt/airflow/dags/codestats_to_postgres.py
[2025-10-31T13:45:02.147+0000] {processor.py:830} INFO - Processing file /opt/airflow/dags/codestats_to_postgres.py for tasks to queue
[2025-10-31T13:45:02.153+0000] {logging_mixin.py:188} INFO - [2025-10-31T13:45:02.152+0000] {dagbag.py:545} INFO - Filling up the DagBag from /opt/airflow/dags/codestats_to_postgres.py
[2025-10-31T13:45:02.228+0000] {processor.py:840} INFO - DAG(s) 'codestats_to_postgres' retrieved from /opt/airflow/dags/codestats_to_postgres.py
[2025-10-31T13:45:02.301+0000] {logging_mixin.py:188} INFO - [2025-10-31T13:45:02.300+0000] {dag.py:3096} INFO - Sync 1 DAGs
[2025-10-31T13:45:02.372+0000] {logging_mixin.py:188} INFO - [2025-10-31T13:45:02.371+0000] {dag.py:3954} INFO - Setting next_dagrun for codestats_to_postgres to 2025-10-31 00:00:00+00:00, run_after=2025-11-01 00:00:00+00:00
[2025-10-31T13:45:02.435+0000] {processor.py:183} INFO - Processing /opt/airflow/dags/codestats_to_postgres.py took 0.313 seconds
[2025-10-31T13:45:32.614+0000] {processor.py:161} INFO - Started process (PID=638) to work on /opt/airflow/dags/codestats_to_postgres.py
[2025-10-31T13:45:32.618+0000] {processor.py:830} INFO - Processing file /opt/airflow/dags/codestats_to_postgres.py for tasks to queue
[2025-10-31T13:45:32.622+0000] {logging_mixin.py:188} INFO - [2025-10-31T13:45:32.621+0000] {dagbag.py:545} INFO - Filling up the DagBag from /opt/airflow/dags/codestats_to_postgres.py
[2025-10-31T13:45:32.683+0000] {processor.py:840} INFO - DAG(s) 'codestats_to_postgres' retrieved from /opt/airflow/dags/codestats_to_postgres.py
[2025-10-31T13:45:32.751+0000] {logging_mixin.py:188} INFO - [2025-10-31T13:45:32.750+0000] {dag.py:3096} INFO - Sync 1 DAGs
[2025-10-31T13:45:32.807+0000] {logging_mixin.py:188} INFO - [2025-10-31T13:45:32.807+0000] {dag.py:3954} INFO - Setting next_dagrun for codestats_to_postgres to 2025-10-31 00:00:00+00:00, run_after=2025-11-01 00:00:00+00:00
[2025-10-31T13:45:32.860+0000] {processor.py:183} INFO - Processing /opt/airflow/dags/codestats_to_postgres.py took 0.263 seconds
[2025-10-31T13:46:02.993+0000] {processor.py:161} INFO - Started process (PID=656) to work on /opt/airflow/dags/codestats_to_postgres.py
[2025-10-31T13:46:02.996+0000] {processor.py:830} INFO - Processing file /opt/airflow/dags/codestats_to_postgres.py for tasks to queue
[2025-10-31T13:46:03.000+0000] {logging_mixin.py:188} INFO - [2025-10-31T13:46:03.000+0000] {dagbag.py:545} INFO - Filling up the DagBag from /opt/airflow/dags/codestats_to_postgres.py
[2025-10-31T13:46:03.056+0000] {processor.py:840} INFO - DAG(s) 'codestats_to_postgres' retrieved from /opt/airflow/dags/codestats_to_postgres.py
[2025-10-31T13:46:03.115+0000] {logging_mixin.py:188} INFO - [2025-10-31T13:46:03.114+0000] {dag.py:3096} INFO - Sync 1 DAGs
[2025-10-31T13:46:03.178+0000] {logging_mixin.py:188} INFO - [2025-10-31T13:46:03.177+0000] {dag.py:3954} INFO - Setting next_dagrun for codestats_to_postgres to 2025-10-31 00:00:00+00:00, run_after=2025-11-01 00:00:00+00:00
[2025-10-31T13:46:03.285+0000] {processor.py:183} INFO - Processing /opt/airflow/dags/codestats_to_postgres.py took 0.308 seconds
[2025-10-31T13:46:33.447+0000] {processor.py:161} INFO - Started process (PID=669) to work on /opt/airflow/dags/codestats_to_postgres.py
[2025-10-31T13:46:33.450+0000] {processor.py:830} INFO - Processing file /opt/airflow/dags/codestats_to_postgres.py for tasks to queue
[2025-10-31T13:46:33.457+0000] {logging_mixin.py:188} INFO - [2025-10-31T13:46:33.456+0000] {dagbag.py:545} INFO - Filling up the DagBag from /opt/airflow/dags/codestats_to_postgres.py
[2025-10-31T13:46:33.528+0000] {processor.py:840} INFO - DAG(s) 'codestats_to_postgres' retrieved from /opt/airflow/dags/codestats_to_postgres.py
[2025-10-31T13:46:33.643+0000] {logging_mixin.py:188} INFO - [2025-10-31T13:46:33.642+0000] {dag.py:3096} INFO - Sync 1 DAGs
[2025-10-31T13:46:33.766+0000] {logging_mixin.py:188} INFO - [2025-10-31T13:46:33.765+0000] {dag.py:3954} INFO - Setting next_dagrun for codestats_to_postgres to 2025-10-31 00:00:00+00:00, run_after=2025-11-01 00:00:00+00:00
[2025-10-31T13:46:33.896+0000] {processor.py:183} INFO - Processing /opt/airflow/dags/codestats_to_postgres.py took 0.474 seconds
[2025-10-31T13:47:04.188+0000] {processor.py:161} INFO - Started process (PID=689) to work on /opt/airflow/dags/codestats_to_postgres.py
[2025-10-31T13:47:04.192+0000] {processor.py:830} INFO - Processing file /opt/airflow/dags/codestats_to_postgres.py for tasks to queue
[2025-10-31T13:47:04.198+0000] {logging_mixin.py:188} INFO - [2025-10-31T13:47:04.197+0000] {dagbag.py:545} INFO - Filling up the DagBag from /opt/airflow/dags/codestats_to_postgres.py
[2025-10-31T13:47:04.277+0000] {processor.py:840} INFO - DAG(s) 'codestats_to_postgres' retrieved from /opt/airflow/dags/codestats_to_postgres.py
[2025-10-31T13:47:04.416+0000] {logging_mixin.py:188} INFO - [2025-10-31T13:47:04.415+0000] {dag.py:3096} INFO - Sync 1 DAGs
[2025-10-31T13:47:04.636+0000] {logging_mixin.py:188} INFO - [2025-10-31T13:47:04.635+0000] {dag.py:3954} INFO - Setting next_dagrun for codestats_to_postgres to 2025-10-31 00:00:00+00:00, run_after=2025-11-01 00:00:00+00:00
[2025-10-31T13:47:04.703+0000] {processor.py:183} INFO - Processing /opt/airflow/dags/codestats_to_postgres.py took 0.541 seconds
[2025-10-31T13:47:31.016+0000] {processor.py:161} INFO - Started process (PID=701) to work on /opt/airflow/dags/codestats_to_postgres.py
[2025-10-31T13:47:31.019+0000] {processor.py:830} INFO - Processing file /opt/airflow/dags/codestats_to_postgres.py for tasks to queue
[2025-10-31T13:47:31.023+0000] {logging_mixin.py:188} INFO - [2025-10-31T13:47:31.022+0000] {dagbag.py:545} INFO - Filling up the DagBag from /opt/airflow/dags/codestats_to_postgres.py
[2025-10-31T13:47:31.187+0000] {logging_mixin.py:188} INFO - [2025-10-31T13:47:31.168+0000] {dagbag.py:452} ERROR - Failed to bag_dag: /opt/airflow/dags/codestats_to_postgres.py
Traceback (most recent call last):
  File "/home/airflow/.local/lib/python3.12/site-packages/airflow/timetables/_cron.py", line 100, in validate
    croniter(self._expression)
  File "/home/airflow/.local/lib/python3.12/site-packages/croniter/croniter.py", line 187, in __init__
    self.expanded, self.nth_weekday_of_month = self.expand(expr_format, hash_id=hash_id)
                                               ^^^^^^^^^^^^^^^^^^^^^^^^^^^^^^^^^^^^^^^^^
  File "/home/airflow/.local/lib/python3.12/site-packages/croniter/croniter.py", line 821, in expand
    return cls._expand(expr_format, hash_id=hash_id)
           ^^^^^^^^^^^^^^^^^^^^^^^^^^^^^^^^^^^^^^^^^
  File "/home/airflow/.local/lib/python3.12/site-packages/croniter/croniter.py", line 659, in _expand
    raise CroniterBadCronError(cls.bad_length)
croniter.croniter.CroniterBadCronError: Exactly 5 or 6 columns has to be specified for iterator expression.

During handling of the above exception, another exception occurred:

Traceback (most recent call last):
  File "/home/airflow/.local/lib/python3.12/site-packages/airflow/models/dagbag.py", line 447, in _process_modules
    dag.validate()
  File "/home/airflow/.local/lib/python3.12/site-packages/airflow/models/dag.py", line 775, in validate
    self.timetable.validate()
  File "/home/airflow/.local/lib/python3.12/site-packages/airflow/timetables/_cron.py", line 102, in validate
    raise AirflowTimetableInvalid(str(e))
airflow.exceptions.AirflowTimetableInvalid: Exactly 5 or 6 columns has to be specified for iterator expression.
[2025-10-31T13:47:31.189+0000] {processor.py:842} WARNING - No viable dags retrieved from /opt/airflow/dags/codestats_to_postgres.py
[2025-10-31T13:47:31.360+0000] {processor.py:183} INFO - Processing /opt/airflow/dags/codestats_to_postgres.py took 0.358 seconds
[2025-10-31T13:47:57.616+0000] {processor.py:161} INFO - Started process (PID=720) to work on /opt/airflow/dags/codestats_to_postgres.py
[2025-10-31T13:47:57.618+0000] {processor.py:830} INFO - Processing file /opt/airflow/dags/codestats_to_postgres.py for tasks to queue
[2025-10-31T13:47:57.623+0000] {logging_mixin.py:188} INFO - [2025-10-31T13:47:57.623+0000] {dagbag.py:545} INFO - Filling up the DagBag from /opt/airflow/dags/codestats_to_postgres.py
[2025-10-31T13:47:57.766+0000] {processor.py:840} INFO - DAG(s) 'codestats_to_postgres' retrieved from /opt/airflow/dags/codestats_to_postgres.py
[2025-10-31T13:47:57.912+0000] {logging_mixin.py:188} INFO - [2025-10-31T13:47:57.911+0000] {dag.py:3096} INFO - Sync 1 DAGs
[2025-10-31T13:47:58.111+0000] {logging_mixin.py:188} INFO - [2025-10-31T13:47:58.109+0000] {dag.py:3954} INFO - Setting next_dagrun for codestats_to_postgres to 2025-10-31 00:00:00+00:00, run_after=2025-11-01 00:00:00+00:00
[2025-10-31T13:47:58.270+0000] {processor.py:183} INFO - Processing /opt/airflow/dags/codestats_to_postgres.py took 0.673 seconds
[2025-10-31T13:48:28.508+0000] {processor.py:161} INFO - Started process (PID=740) to work on /opt/airflow/dags/codestats_to_postgres.py
[2025-10-31T13:48:28.511+0000] {processor.py:830} INFO - Processing file /opt/airflow/dags/codestats_to_postgres.py for tasks to queue
[2025-10-31T13:48:28.515+0000] {logging_mixin.py:188} INFO - [2025-10-31T13:48:28.514+0000] {dagbag.py:545} INFO - Filling up the DagBag from /opt/airflow/dags/codestats_to_postgres.py
[2025-10-31T13:48:28.571+0000] {processor.py:840} INFO - DAG(s) 'codestats_to_postgres' retrieved from /opt/airflow/dags/codestats_to_postgres.py
[2025-10-31T13:48:28.629+0000] {logging_mixin.py:188} INFO - [2025-10-31T13:48:28.628+0000] {dag.py:3096} INFO - Sync 1 DAGs
[2025-10-31T13:48:28.674+0000] {logging_mixin.py:188} INFO - [2025-10-31T13:48:28.673+0000] {dag.py:3954} INFO - Setting next_dagrun for codestats_to_postgres to 2025-10-31 00:00:00+00:00, run_after=2025-11-01 00:00:00+00:00
[2025-10-31T13:48:28.736+0000] {processor.py:183} INFO - Processing /opt/airflow/dags/codestats_to_postgres.py took 0.242 seconds
[2025-10-31T13:48:52.738+0000] {processor.py:161} INFO - Started process (PID=752) to work on /opt/airflow/dags/codestats_to_postgres.py
[2025-10-31T13:48:52.741+0000] {processor.py:830} INFO - Processing file /opt/airflow/dags/codestats_to_postgres.py for tasks to queue
[2025-10-31T13:48:52.747+0000] {logging_mixin.py:188} INFO - [2025-10-31T13:48:52.746+0000] {dagbag.py:545} INFO - Filling up the DagBag from /opt/airflow/dags/codestats_to_postgres.py
[2025-10-31T13:48:52.874+0000] {processor.py:840} INFO - DAG(s) 'codestats_to_postgres' retrieved from /opt/airflow/dags/codestats_to_postgres.py
[2025-10-31T13:48:53.330+0000] {logging_mixin.py:188} INFO - [2025-10-31T13:48:53.329+0000] {dag.py:3096} INFO - Sync 1 DAGs
[2025-10-31T13:48:53.431+0000] {logging_mixin.py:188} INFO - [2025-10-31T13:48:53.430+0000] {dag.py:3954} INFO - Setting next_dagrun for codestats_to_postgres to 2025-10-31 13:47:00+00:00, run_after=2025-10-31 13:48:00+00:00
[2025-10-31T13:48:53.550+0000] {processor.py:183} INFO - Processing /opt/airflow/dags/codestats_to_postgres.py took 0.832 seconds
[2025-10-31T13:49:24.032+0000] {processor.py:161} INFO - Started process (PID=775) to work on /opt/airflow/dags/codestats_to_postgres.py
[2025-10-31T13:49:24.035+0000] {processor.py:830} INFO - Processing file /opt/airflow/dags/codestats_to_postgres.py for tasks to queue
[2025-10-31T13:49:24.040+0000] {logging_mixin.py:188} INFO - [2025-10-31T13:49:24.039+0000] {dagbag.py:545} INFO - Filling up the DagBag from /opt/airflow/dags/codestats_to_postgres.py
[2025-10-31T13:49:24.111+0000] {processor.py:840} INFO - DAG(s) 'codestats_to_postgres' retrieved from /opt/airflow/dags/codestats_to_postgres.py
[2025-10-31T13:49:24.175+0000] {logging_mixin.py:188} INFO - [2025-10-31T13:49:24.175+0000] {dag.py:3096} INFO - Sync 1 DAGs
[2025-10-31T13:49:24.276+0000] {logging_mixin.py:188} INFO - [2025-10-31T13:49:24.275+0000] {dag.py:3954} INFO - Setting next_dagrun for codestats_to_postgres to 2025-10-31 13:49:00+00:00, run_after=2025-10-31 13:50:00+00:00
[2025-10-31T13:49:24.401+0000] {processor.py:183} INFO - Processing /opt/airflow/dags/codestats_to_postgres.py took 0.394 seconds
[2025-10-31T13:49:54.814+0000] {processor.py:161} INFO - Started process (PID=795) to work on /opt/airflow/dags/codestats_to_postgres.py
[2025-10-31T13:49:54.817+0000] {processor.py:830} INFO - Processing file /opt/airflow/dags/codestats_to_postgres.py for tasks to queue
[2025-10-31T13:49:54.823+0000] {logging_mixin.py:188} INFO - [2025-10-31T13:49:54.822+0000] {dagbag.py:545} INFO - Filling up the DagBag from /opt/airflow/dags/codestats_to_postgres.py
[2025-10-31T13:49:54.870+0000] {processor.py:840} INFO - DAG(s) 'codestats_to_postgres' retrieved from /opt/airflow/dags/codestats_to_postgres.py
[2025-10-31T13:49:54.918+0000] {logging_mixin.py:188} INFO - [2025-10-31T13:49:54.917+0000] {dag.py:3096} INFO - Sync 1 DAGs
[2025-10-31T13:49:54.965+0000] {logging_mixin.py:188} INFO - [2025-10-31T13:49:54.964+0000] {dag.py:3954} INFO - Setting next_dagrun for codestats_to_postgres to 2025-10-31 13:49:00+00:00, run_after=2025-10-31 13:50:00+00:00
[2025-10-31T13:49:55.013+0000] {processor.py:183} INFO - Processing /opt/airflow/dags/codestats_to_postgres.py took 0.216 seconds
[2025-10-31T13:50:25.325+0000] {processor.py:161} INFO - Started process (PID=816) to work on /opt/airflow/dags/codestats_to_postgres.py
[2025-10-31T13:50:25.328+0000] {processor.py:830} INFO - Processing file /opt/airflow/dags/codestats_to_postgres.py for tasks to queue
[2025-10-31T13:50:25.333+0000] {logging_mixin.py:188} INFO - [2025-10-31T13:50:25.332+0000] {dagbag.py:545} INFO - Filling up the DagBag from /opt/airflow/dags/codestats_to_postgres.py
[2025-10-31T13:50:25.390+0000] {processor.py:840} INFO - DAG(s) 'codestats_to_postgres' retrieved from /opt/airflow/dags/codestats_to_postgres.py
[2025-10-31T13:50:25.451+0000] {logging_mixin.py:188} INFO - [2025-10-31T13:50:25.450+0000] {dag.py:3096} INFO - Sync 1 DAGs
[2025-10-31T13:50:25.514+0000] {logging_mixin.py:188} INFO - [2025-10-31T13:50:25.514+0000] {dag.py:3954} INFO - Setting next_dagrun for codestats_to_postgres to 2025-10-31 13:50:00+00:00, run_after=2025-10-31 13:51:00+00:00
[2025-10-31T13:50:25.598+0000] {processor.py:183} INFO - Processing /opt/airflow/dags/codestats_to_postgres.py took 0.290 seconds
[2025-10-31T13:50:55.985+0000] {processor.py:161} INFO - Started process (PID=835) to work on /opt/airflow/dags/codestats_to_postgres.py
[2025-10-31T13:50:55.987+0000] {processor.py:830} INFO - Processing file /opt/airflow/dags/codestats_to_postgres.py for tasks to queue
[2025-10-31T13:50:55.992+0000] {logging_mixin.py:188} INFO - [2025-10-31T13:50:55.992+0000] {dagbag.py:545} INFO - Filling up the DagBag from /opt/airflow/dags/codestats_to_postgres.py
[2025-10-31T13:50:56.043+0000] {processor.py:840} INFO - DAG(s) 'codestats_to_postgres' retrieved from /opt/airflow/dags/codestats_to_postgres.py
[2025-10-31T13:50:56.094+0000] {logging_mixin.py:188} INFO - [2025-10-31T13:50:56.094+0000] {dag.py:3096} INFO - Sync 1 DAGs
[2025-10-31T13:50:56.148+0000] {logging_mixin.py:188} INFO - [2025-10-31T13:50:56.148+0000] {dag.py:3954} INFO - Setting next_dagrun for codestats_to_postgres to 2025-10-31 13:50:00+00:00, run_after=2025-10-31 13:51:00+00:00
[2025-10-31T13:50:56.200+0000] {processor.py:183} INFO - Processing /opt/airflow/dags/codestats_to_postgres.py took 0.230 seconds
[2025-10-31T13:51:26.570+0000] {processor.py:161} INFO - Started process (PID=856) to work on /opt/airflow/dags/codestats_to_postgres.py
[2025-10-31T13:51:26.572+0000] {processor.py:830} INFO - Processing file /opt/airflow/dags/codestats_to_postgres.py for tasks to queue
[2025-10-31T13:51:26.576+0000] {logging_mixin.py:188} INFO - [2025-10-31T13:51:26.575+0000] {dagbag.py:545} INFO - Filling up the DagBag from /opt/airflow/dags/codestats_to_postgres.py
[2025-10-31T13:51:26.636+0000] {processor.py:840} INFO - DAG(s) 'codestats_to_postgres' retrieved from /opt/airflow/dags/codestats_to_postgres.py
[2025-10-31T13:51:26.701+0000] {logging_mixin.py:188} INFO - [2025-10-31T13:51:26.701+0000] {dag.py:3096} INFO - Sync 1 DAGs
[2025-10-31T13:51:26.749+0000] {logging_mixin.py:188} INFO - [2025-10-31T13:51:26.748+0000] {dag.py:3954} INFO - Setting next_dagrun for codestats_to_postgres to 2025-10-31 13:51:00+00:00, run_after=2025-10-31 13:52:00+00:00
[2025-10-31T13:51:26.810+0000] {processor.py:183} INFO - Processing /opt/airflow/dags/codestats_to_postgres.py took 0.254 seconds
[2025-10-31T13:51:57.214+0000] {processor.py:161} INFO - Started process (PID=868) to work on /opt/airflow/dags/codestats_to_postgres.py
[2025-10-31T13:51:57.218+0000] {processor.py:830} INFO - Processing file /opt/airflow/dags/codestats_to_postgres.py for tasks to queue
[2025-10-31T13:51:57.222+0000] {logging_mixin.py:188} INFO - [2025-10-31T13:51:57.222+0000] {dagbag.py:545} INFO - Filling up the DagBag from /opt/airflow/dags/codestats_to_postgres.py
[2025-10-31T13:51:57.274+0000] {processor.py:840} INFO - DAG(s) 'codestats_to_postgres' retrieved from /opt/airflow/dags/codestats_to_postgres.py
[2025-10-31T13:51:57.357+0000] {logging_mixin.py:188} INFO - [2025-10-31T13:51:57.356+0000] {dag.py:3096} INFO - Sync 1 DAGs
[2025-10-31T13:51:57.440+0000] {logging_mixin.py:188} INFO - [2025-10-31T13:51:57.439+0000] {dag.py:3954} INFO - Setting next_dagrun for codestats_to_postgres to 2025-10-31 13:51:00+00:00, run_after=2025-10-31 13:52:00+00:00
[2025-10-31T13:51:57.535+0000] {processor.py:183} INFO - Processing /opt/airflow/dags/codestats_to_postgres.py took 0.337 seconds
[2025-10-31T13:52:28.000+0000] {processor.py:161} INFO - Started process (PID=889) to work on /opt/airflow/dags/codestats_to_postgres.py
[2025-10-31T13:52:28.003+0000] {processor.py:830} INFO - Processing file /opt/airflow/dags/codestats_to_postgres.py for tasks to queue
[2025-10-31T13:52:28.012+0000] {logging_mixin.py:188} INFO - [2025-10-31T13:52:28.010+0000] {dagbag.py:545} INFO - Filling up the DagBag from /opt/airflow/dags/codestats_to_postgres.py
[2025-10-31T13:52:28.105+0000] {processor.py:840} INFO - DAG(s) 'codestats_to_postgres' retrieved from /opt/airflow/dags/codestats_to_postgres.py
[2025-10-31T13:52:28.234+0000] {logging_mixin.py:188} INFO - [2025-10-31T13:52:28.233+0000] {dag.py:3096} INFO - Sync 1 DAGs
[2025-10-31T13:52:28.319+0000] {logging_mixin.py:188} INFO - [2025-10-31T13:52:28.318+0000] {dag.py:3954} INFO - Setting next_dagrun for codestats_to_postgres to 2025-10-31 13:52:00+00:00, run_after=2025-10-31 13:53:00+00:00
[2025-10-31T13:52:28.400+0000] {processor.py:183} INFO - Processing /opt/airflow/dags/codestats_to_postgres.py took 0.423 seconds
[2025-10-31T13:52:58.944+0000] {processor.py:161} INFO - Started process (PID=909) to work on /opt/airflow/dags/codestats_to_postgres.py
[2025-10-31T13:52:58.947+0000] {processor.py:830} INFO - Processing file /opt/airflow/dags/codestats_to_postgres.py for tasks to queue
[2025-10-31T13:52:58.952+0000] {logging_mixin.py:188} INFO - [2025-10-31T13:52:58.951+0000] {dagbag.py:545} INFO - Filling up the DagBag from /opt/airflow/dags/codestats_to_postgres.py
[2025-10-31T13:52:59.010+0000] {processor.py:840} INFO - DAG(s) 'codestats_to_postgres' retrieved from /opt/airflow/dags/codestats_to_postgres.py
[2025-10-31T13:52:59.083+0000] {logging_mixin.py:188} INFO - [2025-10-31T13:52:59.083+0000] {dag.py:3096} INFO - Sync 1 DAGs
[2025-10-31T13:52:59.146+0000] {logging_mixin.py:188} INFO - [2025-10-31T13:52:59.146+0000] {dag.py:3954} INFO - Setting next_dagrun for codestats_to_postgres to 2025-10-31 13:52:00+00:00, run_after=2025-10-31 13:53:00+00:00
[2025-10-31T13:52:59.215+0000] {processor.py:183} INFO - Processing /opt/airflow/dags/codestats_to_postgres.py took 0.299 seconds
[2025-10-31T13:53:29.691+0000] {processor.py:161} INFO - Started process (PID=931) to work on /opt/airflow/dags/codestats_to_postgres.py
[2025-10-31T13:53:29.694+0000] {processor.py:830} INFO - Processing file /opt/airflow/dags/codestats_to_postgres.py for tasks to queue
[2025-10-31T13:53:29.698+0000] {logging_mixin.py:188} INFO - [2025-10-31T13:53:29.697+0000] {dagbag.py:545} INFO - Filling up the DagBag from /opt/airflow/dags/codestats_to_postgres.py
[2025-10-31T13:53:29.744+0000] {processor.py:840} INFO - DAG(s) 'codestats_to_postgres' retrieved from /opt/airflow/dags/codestats_to_postgres.py
[2025-10-31T13:53:29.802+0000] {logging_mixin.py:188} INFO - [2025-10-31T13:53:29.801+0000] {dag.py:3096} INFO - Sync 1 DAGs
[2025-10-31T13:53:29.874+0000] {logging_mixin.py:188} INFO - [2025-10-31T13:53:29.873+0000] {dag.py:3954} INFO - Setting next_dagrun for codestats_to_postgres to 2025-10-31 13:53:00+00:00, run_after=2025-10-31 13:54:00+00:00
[2025-10-31T13:53:29.946+0000] {processor.py:183} INFO - Processing /opt/airflow/dags/codestats_to_postgres.py took 0.269 seconds
[2025-10-31T13:58:42.249+0000] {processor.py:161} INFO - Started process (PID=178) to work on /opt/airflow/dags/codestats_to_postgres.py
[2025-10-31T13:58:42.255+0000] {processor.py:830} INFO - Processing file /opt/airflow/dags/codestats_to_postgres.py for tasks to queue
[2025-10-31T13:58:42.269+0000] {logging_mixin.py:188} INFO - [2025-10-31T13:58:42.268+0000] {dagbag.py:545} INFO - Filling up the DagBag from /opt/airflow/dags/codestats_to_postgres.py
[2025-10-31T13:58:42.373+0000] {processor.py:840} INFO - DAG(s) 'codestats_to_postgres' retrieved from /opt/airflow/dags/codestats_to_postgres.py
[2025-10-31T13:58:43.618+0000] {logging_mixin.py:188} INFO - [2025-10-31T13:58:43.617+0000] {dag.py:3096} INFO - Sync 1 DAGs
[2025-10-31T13:58:43.671+0000] {logging_mixin.py:188} INFO - [2025-10-31T13:58:43.670+0000] {dag.py:3954} INFO - Setting next_dagrun for codestats_to_postgres to 2025-10-31 13:57:00+00:00, run_after=2025-10-31 13:58:00+00:00
[2025-10-31T13:58:43.735+0000] {processor.py:183} INFO - Processing /opt/airflow/dags/codestats_to_postgres.py took 1.513 seconds
[2025-10-31T13:59:14.350+0000] {processor.py:161} INFO - Started process (PID=194) to work on /opt/airflow/dags/codestats_to_postgres.py
[2025-10-31T13:59:14.354+0000] {processor.py:830} INFO - Processing file /opt/airflow/dags/codestats_to_postgres.py for tasks to queue
[2025-10-31T13:59:14.362+0000] {logging_mixin.py:188} INFO - [2025-10-31T13:59:14.361+0000] {dagbag.py:545} INFO - Filling up the DagBag from /opt/airflow/dags/codestats_to_postgres.py
[2025-10-31T13:59:14.430+0000] {processor.py:840} INFO - DAG(s) 'codestats_to_postgres' retrieved from /opt/airflow/dags/codestats_to_postgres.py
[2025-10-31T13:59:14.537+0000] {logging_mixin.py:188} INFO - [2025-10-31T13:59:14.536+0000] {dag.py:3096} INFO - Sync 1 DAGs
[2025-10-31T13:59:14.646+0000] {logging_mixin.py:188} INFO - [2025-10-31T13:59:14.645+0000] {dag.py:3954} INFO - Setting next_dagrun for codestats_to_postgres to 2025-10-31 13:59:00+00:00, run_after=2025-10-31 14:00:00+00:00
[2025-10-31T13:59:14.732+0000] {processor.py:183} INFO - Processing /opt/airflow/dags/codestats_to_postgres.py took 0.401 seconds
[2025-10-31T13:59:45.183+0000] {processor.py:161} INFO - Started process (PID=213) to work on /opt/airflow/dags/codestats_to_postgres.py
[2025-10-31T13:59:45.185+0000] {processor.py:830} INFO - Processing file /opt/airflow/dags/codestats_to_postgres.py for tasks to queue
[2025-10-31T13:59:45.193+0000] {logging_mixin.py:188} INFO - [2025-10-31T13:59:45.192+0000] {dagbag.py:545} INFO - Filling up the DagBag from /opt/airflow/dags/codestats_to_postgres.py
[2025-10-31T13:59:45.242+0000] {processor.py:840} INFO - DAG(s) 'codestats_to_postgres' retrieved from /opt/airflow/dags/codestats_to_postgres.py
[2025-10-31T13:59:45.303+0000] {logging_mixin.py:188} INFO - [2025-10-31T13:59:45.302+0000] {dag.py:3096} INFO - Sync 1 DAGs
[2025-10-31T13:59:45.373+0000] {logging_mixin.py:188} INFO - [2025-10-31T13:59:45.372+0000] {dag.py:3954} INFO - Setting next_dagrun for codestats_to_postgres to 2025-10-31 13:59:00+00:00, run_after=2025-10-31 14:00:00+00:00
[2025-10-31T13:59:45.454+0000] {processor.py:183} INFO - Processing /opt/airflow/dags/codestats_to_postgres.py took 0.289 seconds
[2025-10-31T14:00:15.624+0000] {processor.py:161} INFO - Started process (PID=234) to work on /opt/airflow/dags/codestats_to_postgres.py
[2025-10-31T14:00:15.627+0000] {processor.py:830} INFO - Processing file /opt/airflow/dags/codestats_to_postgres.py for tasks to queue
[2025-10-31T14:00:15.631+0000] {logging_mixin.py:188} INFO - [2025-10-31T14:00:15.630+0000] {dagbag.py:545} INFO - Filling up the DagBag from /opt/airflow/dags/codestats_to_postgres.py
[2025-10-31T14:00:15.671+0000] {processor.py:840} INFO - DAG(s) 'codestats_to_postgres' retrieved from /opt/airflow/dags/codestats_to_postgres.py
[2025-10-31T14:00:15.737+0000] {logging_mixin.py:188} INFO - [2025-10-31T14:00:15.736+0000] {dag.py:3096} INFO - Sync 1 DAGs
[2025-10-31T14:00:15.781+0000] {logging_mixin.py:188} INFO - [2025-10-31T14:00:15.781+0000] {dag.py:3954} INFO - Setting next_dagrun for codestats_to_postgres to 2025-10-31 14:00:00+00:00, run_after=2025-10-31 14:01:00+00:00
[2025-10-31T14:00:15.831+0000] {processor.py:183} INFO - Processing /opt/airflow/dags/codestats_to_postgres.py took 0.222 seconds
[2025-10-31T14:00:46.327+0000] {processor.py:161} INFO - Started process (PID=254) to work on /opt/airflow/dags/codestats_to_postgres.py
[2025-10-31T14:00:46.330+0000] {processor.py:830} INFO - Processing file /opt/airflow/dags/codestats_to_postgres.py for tasks to queue
[2025-10-31T14:00:46.335+0000] {logging_mixin.py:188} INFO - [2025-10-31T14:00:46.334+0000] {dagbag.py:545} INFO - Filling up the DagBag from /opt/airflow/dags/codestats_to_postgres.py
[2025-10-31T14:00:46.433+0000] {processor.py:840} INFO - DAG(s) 'codestats_to_postgres' retrieved from /opt/airflow/dags/codestats_to_postgres.py
[2025-10-31T14:00:46.517+0000] {logging_mixin.py:188} INFO - [2025-10-31T14:00:46.517+0000] {dag.py:3096} INFO - Sync 1 DAGs
[2025-10-31T14:00:46.606+0000] {logging_mixin.py:188} INFO - [2025-10-31T14:00:46.605+0000] {dag.py:3954} INFO - Setting next_dagrun for codestats_to_postgres to 2025-10-31 14:00:00+00:00, run_after=2025-10-31 14:01:00+00:00
[2025-10-31T14:00:46.672+0000] {processor.py:183} INFO - Processing /opt/airflow/dags/codestats_to_postgres.py took 0.363 seconds
[2025-10-31T14:01:17.167+0000] {processor.py:161} INFO - Started process (PID=275) to work on /opt/airflow/dags/codestats_to_postgres.py
[2025-10-31T14:01:17.171+0000] {processor.py:830} INFO - Processing file /opt/airflow/dags/codestats_to_postgres.py for tasks to queue
[2025-10-31T14:01:17.176+0000] {logging_mixin.py:188} INFO - [2025-10-31T14:01:17.175+0000] {dagbag.py:545} INFO - Filling up the DagBag from /opt/airflow/dags/codestats_to_postgres.py
[2025-10-31T14:01:17.239+0000] {processor.py:840} INFO - DAG(s) 'codestats_to_postgres' retrieved from /opt/airflow/dags/codestats_to_postgres.py
[2025-10-31T14:01:17.306+0000] {logging_mixin.py:188} INFO - [2025-10-31T14:01:17.305+0000] {dag.py:3096} INFO - Sync 1 DAGs
[2025-10-31T14:01:17.372+0000] {logging_mixin.py:188} INFO - [2025-10-31T14:01:17.371+0000] {dag.py:3954} INFO - Setting next_dagrun for codestats_to_postgres to 2025-10-31 14:01:00+00:00, run_after=2025-10-31 14:02:00+00:00
[2025-10-31T14:01:17.410+0000] {processor.py:183} INFO - Processing /opt/airflow/dags/codestats_to_postgres.py took 0.265 seconds
[2025-10-31T14:01:47.639+0000] {processor.py:161} INFO - Started process (PID=294) to work on /opt/airflow/dags/codestats_to_postgres.py
[2025-10-31T14:01:47.647+0000] {processor.py:830} INFO - Processing file /opt/airflow/dags/codestats_to_postgres.py for tasks to queue
[2025-10-31T14:01:47.657+0000] {logging_mixin.py:188} INFO - [2025-10-31T14:01:47.655+0000] {dagbag.py:545} INFO - Filling up the DagBag from /opt/airflow/dags/codestats_to_postgres.py
[2025-10-31T14:01:47.775+0000] {processor.py:840} INFO - DAG(s) 'codestats_to_postgres' retrieved from /opt/airflow/dags/codestats_to_postgres.py
[2025-10-31T14:01:47.856+0000] {logging_mixin.py:188} INFO - [2025-10-31T14:01:47.855+0000] {dag.py:3096} INFO - Sync 1 DAGs
[2025-10-31T14:01:47.927+0000] {logging_mixin.py:188} INFO - [2025-10-31T14:01:47.926+0000] {dag.py:3954} INFO - Setting next_dagrun for codestats_to_postgres to 2025-10-31 14:01:00+00:00, run_after=2025-10-31 14:02:00+00:00
[2025-10-31T14:01:47.996+0000] {processor.py:183} INFO - Processing /opt/airflow/dags/codestats_to_postgres.py took 0.405 seconds
[2025-10-31T14:02:18.197+0000] {processor.py:161} INFO - Started process (PID=315) to work on /opt/airflow/dags/codestats_to_postgres.py
[2025-10-31T14:02:18.200+0000] {processor.py:830} INFO - Processing file /opt/airflow/dags/codestats_to_postgres.py for tasks to queue
[2025-10-31T14:02:18.206+0000] {logging_mixin.py:188} INFO - [2025-10-31T14:02:18.205+0000] {dagbag.py:545} INFO - Filling up the DagBag from /opt/airflow/dags/codestats_to_postgres.py
[2025-10-31T14:02:18.279+0000] {processor.py:840} INFO - DAG(s) 'codestats_to_postgres' retrieved from /opt/airflow/dags/codestats_to_postgres.py
[2025-10-31T14:02:18.374+0000] {logging_mixin.py:188} INFO - [2025-10-31T14:02:18.374+0000] {dag.py:3096} INFO - Sync 1 DAGs
[2025-10-31T14:02:18.441+0000] {logging_mixin.py:188} INFO - [2025-10-31T14:02:18.441+0000] {dag.py:3954} INFO - Setting next_dagrun for codestats_to_postgres to 2025-10-31 14:02:00+00:00, run_after=2025-10-31 14:03:00+00:00
[2025-10-31T14:02:18.504+0000] {processor.py:183} INFO - Processing /opt/airflow/dags/codestats_to_postgres.py took 0.326 seconds
[2025-10-31T14:02:48.836+0000] {processor.py:161} INFO - Started process (PID=334) to work on /opt/airflow/dags/codestats_to_postgres.py
[2025-10-31T14:02:48.839+0000] {processor.py:830} INFO - Processing file /opt/airflow/dags/codestats_to_postgres.py for tasks to queue
[2025-10-31T14:02:48.844+0000] {logging_mixin.py:188} INFO - [2025-10-31T14:02:48.843+0000] {dagbag.py:545} INFO - Filling up the DagBag from /opt/airflow/dags/codestats_to_postgres.py
[2025-10-31T14:02:48.901+0000] {processor.py:840} INFO - DAG(s) 'codestats_to_postgres' retrieved from /opt/airflow/dags/codestats_to_postgres.py
[2025-10-31T14:02:48.949+0000] {logging_mixin.py:188} INFO - [2025-10-31T14:02:48.949+0000] {dag.py:3096} INFO - Sync 1 DAGs
[2025-10-31T14:02:49.008+0000] {logging_mixin.py:188} INFO - [2025-10-31T14:02:49.007+0000] {dag.py:3954} INFO - Setting next_dagrun for codestats_to_postgres to 2025-10-31 14:02:00+00:00, run_after=2025-10-31 14:03:00+00:00
[2025-10-31T14:02:49.047+0000] {processor.py:183} INFO - Processing /opt/airflow/dags/codestats_to_postgres.py took 0.233 seconds
[2025-10-31T14:03:19.286+0000] {processor.py:161} INFO - Started process (PID=355) to work on /opt/airflow/dags/codestats_to_postgres.py
[2025-10-31T14:03:19.291+0000] {processor.py:830} INFO - Processing file /opt/airflow/dags/codestats_to_postgres.py for tasks to queue
[2025-10-31T14:03:19.296+0000] {logging_mixin.py:188} INFO - [2025-10-31T14:03:19.295+0000] {dagbag.py:545} INFO - Filling up the DagBag from /opt/airflow/dags/codestats_to_postgres.py
[2025-10-31T14:03:19.369+0000] {processor.py:840} INFO - DAG(s) 'codestats_to_postgres' retrieved from /opt/airflow/dags/codestats_to_postgres.py
[2025-10-31T14:03:19.444+0000] {logging_mixin.py:188} INFO - [2025-10-31T14:03:19.443+0000] {dag.py:3096} INFO - Sync 1 DAGs
[2025-10-31T14:03:19.516+0000] {logging_mixin.py:188} INFO - [2025-10-31T14:03:19.515+0000] {dag.py:3954} INFO - Setting next_dagrun for codestats_to_postgres to 2025-10-31 14:03:00+00:00, run_after=2025-10-31 14:04:00+00:00
[2025-10-31T14:03:19.562+0000] {processor.py:183} INFO - Processing /opt/airflow/dags/codestats_to_postgres.py took 0.297 seconds
[2025-10-31T14:03:49.911+0000] {processor.py:161} INFO - Started process (PID=367) to work on /opt/airflow/dags/codestats_to_postgres.py
[2025-10-31T14:03:49.913+0000] {processor.py:830} INFO - Processing file /opt/airflow/dags/codestats_to_postgres.py for tasks to queue
[2025-10-31T14:03:49.917+0000] {logging_mixin.py:188} INFO - [2025-10-31T14:03:49.916+0000] {dagbag.py:545} INFO - Filling up the DagBag from /opt/airflow/dags/codestats_to_postgres.py
[2025-10-31T14:03:49.969+0000] {processor.py:840} INFO - DAG(s) 'codestats_to_postgres' retrieved from /opt/airflow/dags/codestats_to_postgres.py
[2025-10-31T14:03:50.020+0000] {logging_mixin.py:188} INFO - [2025-10-31T14:03:50.020+0000] {dag.py:3096} INFO - Sync 1 DAGs
[2025-10-31T14:03:50.078+0000] {logging_mixin.py:188} INFO - [2025-10-31T14:03:50.077+0000] {dag.py:3954} INFO - Setting next_dagrun for codestats_to_postgres to 2025-10-31 14:03:00+00:00, run_after=2025-10-31 14:04:00+00:00
[2025-10-31T14:03:50.119+0000] {processor.py:183} INFO - Processing /opt/airflow/dags/codestats_to_postgres.py took 0.219 seconds
[2025-10-31T14:04:20.450+0000] {processor.py:161} INFO - Started process (PID=388) to work on /opt/airflow/dags/codestats_to_postgres.py
[2025-10-31T14:04:20.455+0000] {processor.py:830} INFO - Processing file /opt/airflow/dags/codestats_to_postgres.py for tasks to queue
[2025-10-31T14:04:20.461+0000] {logging_mixin.py:188} INFO - [2025-10-31T14:04:20.460+0000] {dagbag.py:545} INFO - Filling up the DagBag from /opt/airflow/dags/codestats_to_postgres.py
[2025-10-31T14:04:20.539+0000] {processor.py:840} INFO - DAG(s) 'codestats_to_postgres' retrieved from /opt/airflow/dags/codestats_to_postgres.py
[2025-10-31T14:04:20.632+0000] {logging_mixin.py:188} INFO - [2025-10-31T14:04:20.631+0000] {dag.py:3096} INFO - Sync 1 DAGs
[2025-10-31T14:04:20.741+0000] {logging_mixin.py:188} INFO - [2025-10-31T14:04:20.740+0000] {dag.py:3954} INFO - Setting next_dagrun for codestats_to_postgres to 2025-10-31 14:04:00+00:00, run_after=2025-10-31 14:05:00+00:00
[2025-10-31T14:04:20.825+0000] {processor.py:183} INFO - Processing /opt/airflow/dags/codestats_to_postgres.py took 0.398 seconds
[2025-10-31T14:04:51.281+0000] {processor.py:161} INFO - Started process (PID=407) to work on /opt/airflow/dags/codestats_to_postgres.py
[2025-10-31T14:04:51.282+0000] {processor.py:830} INFO - Processing file /opt/airflow/dags/codestats_to_postgres.py for tasks to queue
[2025-10-31T14:04:51.285+0000] {logging_mixin.py:188} INFO - [2025-10-31T14:04:51.285+0000] {dagbag.py:545} INFO - Filling up the DagBag from /opt/airflow/dags/codestats_to_postgres.py
[2025-10-31T14:04:51.322+0000] {processor.py:840} INFO - DAG(s) 'codestats_to_postgres' retrieved from /opt/airflow/dags/codestats_to_postgres.py
[2025-10-31T14:04:51.360+0000] {logging_mixin.py:188} INFO - [2025-10-31T14:04:51.360+0000] {dag.py:3096} INFO - Sync 1 DAGs
[2025-10-31T14:04:51.399+0000] {logging_mixin.py:188} INFO - [2025-10-31T14:04:51.399+0000] {dag.py:3954} INFO - Setting next_dagrun for codestats_to_postgres to 2025-10-31 14:04:00+00:00, run_after=2025-10-31 14:05:00+00:00
[2025-10-31T14:04:51.474+0000] {processor.py:183} INFO - Processing /opt/airflow/dags/codestats_to_postgres.py took 0.201 seconds
[2025-10-31T14:05:22.275+0000] {processor.py:161} INFO - Started process (PID=428) to work on /opt/airflow/dags/codestats_to_postgres.py
[2025-10-31T14:05:22.278+0000] {processor.py:830} INFO - Processing file /opt/airflow/dags/codestats_to_postgres.py for tasks to queue
[2025-10-31T14:05:22.285+0000] {logging_mixin.py:188} INFO - [2025-10-31T14:05:22.284+0000] {dagbag.py:545} INFO - Filling up the DagBag from /opt/airflow/dags/codestats_to_postgres.py
[2025-10-31T14:05:22.356+0000] {processor.py:840} INFO - DAG(s) 'codestats_to_postgres' retrieved from /opt/airflow/dags/codestats_to_postgres.py
[2025-10-31T14:05:22.446+0000] {logging_mixin.py:188} INFO - [2025-10-31T14:05:22.445+0000] {dag.py:3096} INFO - Sync 1 DAGs
[2025-10-31T14:05:22.527+0000] {logging_mixin.py:188} INFO - [2025-10-31T14:05:22.526+0000] {dag.py:3954} INFO - Setting next_dagrun for codestats_to_postgres to 2025-10-31 14:05:00+00:00, run_after=2025-10-31 14:06:00+00:00
[2025-10-31T14:05:22.594+0000] {processor.py:183} INFO - Processing /opt/airflow/dags/codestats_to_postgres.py took 0.335 seconds
