[2025-10-31T14:00:01.111+0000] {local_task_job_runner.py:120} INFO - ::group::Pre task execution logs
[2025-10-31T14:00:01.197+0000] {taskinstance.py:2076} INFO - Dependencies all met for dep_context=non-requeueable deps ti=<TaskInstance: codestats_to_postgres.fetch_user_snapshot scheduled__2025-10-31T13:59:00+00:00 [queued]>
[2025-10-31T14:00:01.220+0000] {taskinstance.py:2076} INFO - Dependencies all met for dep_context=requeueable deps ti=<TaskInstance: codestats_to_postgres.fetch_user_snapshot scheduled__2025-10-31T13:59:00+00:00 [queued]>
[2025-10-31T14:00:01.238+0000] {taskinstance.py:2306} INFO - Starting attempt 1 of 1
[2025-10-31T14:00:01.270+0000] {taskinstance.py:2330} INFO - Executing <Task(_PythonDecoratedOperator): fetch_user_snapshot> on 2025-10-31 13:59:00+00:00
[2025-10-31T14:00:01.288+0000] {logging_mixin.py:188} WARNING - /home/***/.local/lib/python3.12/site-packages/***/task/task_runner/standard_task_runner.py:61 DeprecationWarning: This process (pid=225) is multi-threaded, use of fork() may lead to deadlocks in the child.
[2025-10-31T14:00:01.287+0000] {standard_task_runner.py:90} INFO - Running: ['***', 'tasks', 'run', 'codestats_to_postgres', 'fetch_user_snapshot', 'scheduled__2025-10-31T13:59:00+00:00', '--job-id', '20', '--raw', '--subdir', 'DAGS_FOLDER/codestats_to_postgres.py', '--cfg-path', '/tmp/tmpubq7f3qo']
[2025-10-31T14:00:01.293+0000] {standard_task_runner.py:63} INFO - Started process 233 to run task
[2025-10-31T14:00:01.295+0000] {standard_task_runner.py:91} INFO - Job 20: Subtask fetch_user_snapshot
[2025-10-31T14:00:01.335+0000] {logging_mixin.py:188} WARNING - /home/***/.local/lib/python3.12/site-packages/***/settings.py:195 DeprecationWarning: The sql_alchemy_conn option in [core] has been moved to the sql_alchemy_conn option in [database] - the old setting has been used, but please update your config.
[2025-10-31T14:00:01.445+0000] {task_command.py:426} INFO - Running <TaskInstance: codestats_to_postgres.fetch_user_snapshot scheduled__2025-10-31T13:59:00+00:00 [running]> on host 617127ba1fb3
[2025-10-31T14:00:01.713+0000] {taskinstance.py:2648} INFO - Exporting env vars: AIRFLOW_CTX_DAG_OWNER='***' AIRFLOW_CTX_DAG_ID='codestats_to_postgres' AIRFLOW_CTX_TASK_ID='fetch_user_snapshot' AIRFLOW_CTX_EXECUTION_DATE='2025-10-31T13:59:00+00:00' AIRFLOW_CTX_TRY_NUMBER='1' AIRFLOW_CTX_DAG_RUN_ID='scheduled__2025-10-31T13:59:00+00:00'
[2025-10-31T14:00:01.715+0000] {taskinstance.py:430} INFO - ::endgroup::
[2025-10-31T14:00:02.531+0000] {taskinstance.py:441} INFO - ::group::Post task execution logs
[2025-10-31T14:00:02.533+0000] {taskinstance.py:2905} ERROR - Task failed with exception
Traceback (most recent call last):
  File "/home/airflow/.local/lib/python3.12/site-packages/airflow/models/taskinstance.py", line 465, in _execute_task
    result = _execute_callable(context=context, **execute_callable_kwargs)
             ^^^^^^^^^^^^^^^^^^^^^^^^^^^^^^^^^^^^^^^^^^^^^^^^^^^^^^^^^^^^^
  File "/home/airflow/.local/lib/python3.12/site-packages/airflow/models/taskinstance.py", line 432, in _execute_callable
    return execute_callable(context=context, **execute_callable_kwargs)
           ^^^^^^^^^^^^^^^^^^^^^^^^^^^^^^^^^^^^^^^^^^^^^^^^^^^^^^^^^^^^
  File "/home/airflow/.local/lib/python3.12/site-packages/airflow/models/baseoperator.py", line 400, in wrapper
    return func(self, *args, **kwargs)
           ^^^^^^^^^^^^^^^^^^^^^^^^^^^
  File "/home/airflow/.local/lib/python3.12/site-packages/airflow/decorators/base.py", line 265, in execute
    return_value = super().execute(context)
                   ^^^^^^^^^^^^^^^^^^^^^^^^
  File "/home/airflow/.local/lib/python3.12/site-packages/airflow/models/baseoperator.py", line 400, in wrapper
    return func(self, *args, **kwargs)
           ^^^^^^^^^^^^^^^^^^^^^^^^^^^
  File "/home/airflow/.local/lib/python3.12/site-packages/airflow/operators/python.py", line 235, in execute
    return_value = self.execute_callable()
                   ^^^^^^^^^^^^^^^^^^^^^^^
  File "/home/airflow/.local/lib/python3.12/site-packages/airflow/operators/python.py", line 252, in execute_callable
    return self.python_callable(*self.op_args, **self.op_kwargs)
           ^^^^^^^^^^^^^^^^^^^^^^^^^^^^^^^^^^^^^^^^^^^^^^^^^^^^^
  File "/opt/airflow/dags/codestats_to_postgres.py", line 35, in fetch_user_snapshot
    response.raise_for_status()
  File "/home/airflow/.local/lib/python3.12/site-packages/requests/models.py", line 1021, in raise_for_status
    raise HTTPError(http_error_msg, response=self)
requests.exceptions.HTTPError: 404 Client Error: Not Found for url: https://codestats.net/api/users/codeemo
[2025-10-31T14:00:02.568+0000] {taskinstance.py:1206} INFO - Marking task as FAILED. dag_id=codestats_to_postgres, task_id=fetch_user_snapshot, run_id=scheduled__2025-10-31T13:59:00+00:00, execution_date=20251031T135900, start_date=20251031T140001, end_date=20251031T140002
[2025-10-31T14:00:02.618+0000] {standard_task_runner.py:110} ERROR - Failed to execute job 20 for task fetch_user_snapshot (404 Client Error: Not Found for url: https://codestats.net/api/users/codeemo; 233)
[2025-10-31T14:00:02.646+0000] {local_task_job_runner.py:240} INFO - Task exited with return code 1
[2025-10-31T14:00:02.708+0000] {taskinstance.py:3498} INFO - 0 downstream tasks scheduled from follow-on schedule check
[2025-10-31T14:00:02.717+0000] {local_task_job_runner.py:222} INFO - ::endgroup::
