[2025-11-04T12:33:35.284+0000] {processor.py:161} INFO - Started process (PID=488) to work on /opt/airflow/dags/codestats_to_postgres.py
[2025-11-04T12:33:35.343+0000] {processor.py:830} INFO - Processing file /opt/airflow/dags/codestats_to_postgres.py for tasks to queue
[2025-11-04T12:33:35.442+0000] {logging_mixin.py:188} INFO - [2025-11-04T12:33:35.441+0000] {dagbag.py:545} INFO - Filling up the DagBag from /opt/airflow/dags/codestats_to_postgres.py
[2025-11-04T12:33:38.256+0000] {processor.py:840} INFO - DAG(s) 'codestats_to_postgres' retrieved from /opt/airflow/dags/codestats_to_postgres.py
[2025-11-04T12:33:38.549+0000] {logging_mixin.py:188} INFO - [2025-11-04T12:33:38.548+0000] {dag.py:3096} INFO - Sync 1 DAGs
[2025-11-04T12:33:38.807+0000] {logging_mixin.py:188} INFO - [2025-11-04T12:33:38.806+0000] {dag.py:3954} INFO - Setting next_dagrun for codestats_to_postgres to 2025-11-04 12:33:00+00:00, run_after=2025-11-04 12:34:00+00:00
[2025-11-04T12:33:39.070+0000] {processor.py:183} INFO - Processing /opt/airflow/dags/codestats_to_postgres.py took 3.858 seconds
[2025-11-04T12:34:09.871+0000] {processor.py:161} INFO - Started process (PID=505) to work on /opt/airflow/dags/codestats_to_postgres.py
[2025-11-04T12:34:09.882+0000] {processor.py:830} INFO - Processing file /opt/airflow/dags/codestats_to_postgres.py for tasks to queue
[2025-11-04T12:34:09.945+0000] {logging_mixin.py:188} INFO - [2025-11-04T12:34:09.944+0000] {dagbag.py:545} INFO - Filling up the DagBag from /opt/airflow/dags/codestats_to_postgres.py
[2025-11-04T12:34:10.544+0000] {processor.py:840} INFO - DAG(s) 'codestats_to_postgres' retrieved from /opt/airflow/dags/codestats_to_postgres.py
[2025-11-04T12:34:10.879+0000] {logging_mixin.py:188} INFO - [2025-11-04T12:34:10.878+0000] {dag.py:3096} INFO - Sync 1 DAGs
[2025-11-04T12:34:11.222+0000] {logging_mixin.py:188} INFO - [2025-11-04T12:34:11.221+0000] {dag.py:3954} INFO - Setting next_dagrun for codestats_to_postgres to 2025-11-04 12:34:00+00:00, run_after=2025-11-04 12:35:00+00:00
[2025-11-04T12:34:11.880+0000] {processor.py:183} INFO - Processing /opt/airflow/dags/codestats_to_postgres.py took 2.074 seconds
[2025-11-04T12:34:42.460+0000] {processor.py:161} INFO - Started process (PID=524) to work on /opt/airflow/dags/codestats_to_postgres.py
[2025-11-04T12:34:42.466+0000] {processor.py:830} INFO - Processing file /opt/airflow/dags/codestats_to_postgres.py for tasks to queue
[2025-11-04T12:34:42.483+0000] {logging_mixin.py:188} INFO - [2025-11-04T12:34:42.481+0000] {dagbag.py:545} INFO - Filling up the DagBag from /opt/airflow/dags/codestats_to_postgres.py
[2025-11-04T12:34:42.797+0000] {processor.py:840} INFO - DAG(s) 'codestats_to_postgres' retrieved from /opt/airflow/dags/codestats_to_postgres.py
[2025-11-04T12:34:42.967+0000] {logging_mixin.py:188} INFO - [2025-11-04T12:34:42.966+0000] {dag.py:3096} INFO - Sync 1 DAGs
[2025-11-04T12:34:43.173+0000] {logging_mixin.py:188} INFO - [2025-11-04T12:34:43.172+0000] {dag.py:3954} INFO - Setting next_dagrun for codestats_to_postgres to 2025-11-04 12:34:00+00:00, run_after=2025-11-04 12:35:00+00:00
[2025-11-04T12:34:43.357+0000] {processor.py:183} INFO - Processing /opt/airflow/dags/codestats_to_postgres.py took 0.940 seconds
[2025-11-04T12:35:13.915+0000] {processor.py:161} INFO - Started process (PID=538) to work on /opt/airflow/dags/codestats_to_postgres.py
[2025-11-04T12:35:13.934+0000] {processor.py:830} INFO - Processing file /opt/airflow/dags/codestats_to_postgres.py for tasks to queue
[2025-11-04T12:35:13.943+0000] {logging_mixin.py:188} INFO - [2025-11-04T12:35:13.942+0000] {dagbag.py:545} INFO - Filling up the DagBag from /opt/airflow/dags/codestats_to_postgres.py
[2025-11-04T12:35:14.094+0000] {processor.py:840} INFO - DAG(s) 'codestats_to_postgres' retrieved from /opt/airflow/dags/codestats_to_postgres.py
[2025-11-04T12:35:14.254+0000] {logging_mixin.py:188} INFO - [2025-11-04T12:35:14.253+0000] {dag.py:3096} INFO - Sync 1 DAGs
[2025-11-04T12:35:14.427+0000] {logging_mixin.py:188} INFO - [2025-11-04T12:35:14.426+0000] {dag.py:3954} INFO - Setting next_dagrun for codestats_to_postgres to 2025-11-04 12:35:00+00:00, run_after=2025-11-04 12:36:00+00:00
[2025-11-04T12:35:14.551+0000] {processor.py:183} INFO - Processing /opt/airflow/dags/codestats_to_postgres.py took 0.665 seconds
[2025-11-04T12:35:44.927+0000] {processor.py:161} INFO - Started process (PID=559) to work on /opt/airflow/dags/codestats_to_postgres.py
[2025-11-04T12:35:44.930+0000] {processor.py:830} INFO - Processing file /opt/airflow/dags/codestats_to_postgres.py for tasks to queue
[2025-11-04T12:35:44.935+0000] {logging_mixin.py:188} INFO - [2025-11-04T12:35:44.934+0000] {dagbag.py:545} INFO - Filling up the DagBag from /opt/airflow/dags/codestats_to_postgres.py
[2025-11-04T12:35:45.001+0000] {processor.py:840} INFO - DAG(s) 'codestats_to_postgres' retrieved from /opt/airflow/dags/codestats_to_postgres.py
[2025-11-04T12:35:45.133+0000] {logging_mixin.py:188} INFO - [2025-11-04T12:35:45.132+0000] {dag.py:3096} INFO - Sync 1 DAGs
[2025-11-04T12:35:45.284+0000] {logging_mixin.py:188} INFO - [2025-11-04T12:35:45.283+0000] {dag.py:3954} INFO - Setting next_dagrun for codestats_to_postgres to 2025-11-04 12:35:00+00:00, run_after=2025-11-04 12:36:00+00:00
[2025-11-04T12:35:45.397+0000] {processor.py:183} INFO - Processing /opt/airflow/dags/codestats_to_postgres.py took 0.487 seconds
[2025-11-04T12:36:15.790+0000] {processor.py:161} INFO - Started process (PID=573) to work on /opt/airflow/dags/codestats_to_postgres.py
[2025-11-04T12:36:15.795+0000] {processor.py:830} INFO - Processing file /opt/airflow/dags/codestats_to_postgres.py for tasks to queue
[2025-11-04T12:36:15.804+0000] {logging_mixin.py:188} INFO - [2025-11-04T12:36:15.802+0000] {dagbag.py:545} INFO - Filling up the DagBag from /opt/airflow/dags/codestats_to_postgres.py
[2025-11-04T12:36:15.907+0000] {processor.py:840} INFO - DAG(s) 'codestats_to_postgres' retrieved from /opt/airflow/dags/codestats_to_postgres.py
[2025-11-04T12:36:16.023+0000] {logging_mixin.py:188} INFO - [2025-11-04T12:36:16.022+0000] {dag.py:3096} INFO - Sync 1 DAGs
[2025-11-04T12:36:16.171+0000] {logging_mixin.py:188} INFO - [2025-11-04T12:36:16.170+0000] {dag.py:3954} INFO - Setting next_dagrun for codestats_to_postgres to 2025-11-04 12:36:00+00:00, run_after=2025-11-04 12:37:00+00:00
[2025-11-04T12:36:16.713+0000] {processor.py:183} INFO - Processing /opt/airflow/dags/codestats_to_postgres.py took 0.949 seconds
