[2025-10-31T13:23:15.921+0000] {manager.py:470} INFO - Processing files using up to 2 processes at a time 
[2025-10-31T13:23:15.923+0000] {manager.py:471} INFO - Process each file at most once every 30 seconds
[2025-10-31T13:23:15.925+0000] {manager.py:472} INFO - Checking for new files in /opt/airflow/dags every 300 seconds
[2025-10-31T13:23:15.927+0000] {manager.py:737} INFO - Searching for files in /opt/airflow/dags
[2025-10-31T13:23:15.950+0000] {manager.py:740} INFO - There are 1 files in /opt/airflow/dags
[2025-10-31T13:23:16.412+0000] {manager.py:878} INFO - 
================================================================================
DAG File Processing Stats

File Path                                     PID  Runtime      # DAGs    # Errors  Last Runtime    Last Run
------------------------------------------  -----  ---------  --------  ----------  --------------  ----------
/opt/airflow/dags/codestats_to_postgres.py    178  0.06s             0           0
================================================================================
[2025-10-31T13:23:46.633+0000] {manager.py:878} INFO - 
================================================================================
DAG File Processing Stats

File Path                                   PID    Runtime      # DAGs    # Errors  Last Runtime    Last Run
------------------------------------------  -----  ---------  --------  ----------  --------------  -------------------
/opt/airflow/dags/codestats_to_postgres.py                           1           0  0.80s           2025-10-31T13:23:17
================================================================================
[2025-10-31T13:24:16.775+0000] {manager.py:878} INFO - 
================================================================================
DAG File Processing Stats

File Path                                   PID    Runtime      # DAGs    # Errors  Last Runtime    Last Run
------------------------------------------  -----  ---------  --------  ----------  --------------  -------------------
/opt/airflow/dags/codestats_to_postgres.py                           1           0  0.16s           2025-10-31T13:23:47
================================================================================
[2025-10-31T13:24:47.207+0000] {manager.py:878} INFO - 
================================================================================
DAG File Processing Stats

File Path                                   PID    Runtime      # DAGs    # Errors  Last Runtime    Last Run
------------------------------------------  -----  ---------  --------  ----------  --------------  -------------------
/opt/airflow/dags/codestats_to_postgres.py                           1           0  0.53s           2025-10-31T13:24:18
================================================================================
[2025-10-31T13:25:17.433+0000] {manager.py:878} INFO - 
================================================================================
DAG File Processing Stats

File Path                                   PID    Runtime      # DAGs    # Errors  Last Runtime    Last Run
------------------------------------------  -----  ---------  --------  ----------  --------------  -------------------
/opt/airflow/dags/codestats_to_postgres.py                           1           0  0.32s           2025-10-31T13:24:49
================================================================================
[2025-10-31T13:25:47.745+0000] {manager.py:878} INFO - 
================================================================================
DAG File Processing Stats

File Path                                   PID    Runtime      # DAGs    # Errors  Last Runtime    Last Run
------------------------------------------  -----  ---------  --------  ----------  --------------  -------------------
/opt/airflow/dags/codestats_to_postgres.py                           1           0  0.35s           2025-10-31T13:25:19
================================================================================
[2025-10-31T13:26:18.223+0000] {manager.py:878} INFO - 
================================================================================
DAG File Processing Stats

File Path                                   PID    Runtime      # DAGs    # Errors  Last Runtime    Last Run
------------------------------------------  -----  ---------  --------  ----------  --------------  -------------------
/opt/airflow/dags/codestats_to_postgres.py                           1           0  0.30s           2025-10-31T13:25:50
================================================================================
[2025-10-31T13:36:15.721+0000] {manager.py:737} INFO - Searching for files in /opt/airflow/dags
[2025-10-31T13:36:18.555+0000] {manager.py:740} INFO - There are 1 files in /opt/airflow/dags
[2025-10-31T13:36:19.688+0000] {manager.py:878} INFO - 
================================================================================
DAG File Processing Stats

File Path                                     PID  Runtime      # DAGs    # Errors  Last Runtime    Last Run
------------------------------------------  -----  ---------  --------  ----------  --------------  -------------------
/opt/airflow/dags/codestats_to_postgres.py    307  0.03s             1           0  0.44s           2025-10-31T13:26:20
================================================================================
[2025-10-31T13:36:49.968+0000] {manager.py:878} INFO - 
================================================================================
DAG File Processing Stats

File Path                                   PID    Runtime      # DAGs    # Errors  Last Runtime    Last Run
------------------------------------------  -----  ---------  --------  ----------  --------------  -------------------
/opt/airflow/dags/codestats_to_postgres.py                           1           0  2.86s           2025-10-31T13:36:22
================================================================================
[2025-10-31T13:37:20.393+0000] {manager.py:878} INFO - 
================================================================================
DAG File Processing Stats

File Path                                   PID    Runtime      # DAGs    # Errors  Last Runtime    Last Run
------------------------------------------  -----  ---------  --------  ----------  --------------  -------------------
/opt/airflow/dags/codestats_to_postgres.py                           1           0  1.22s           2025-10-31T13:36:54
================================================================================
[2025-10-31T13:37:50.737+0000] {manager.py:878} INFO - 
================================================================================
DAG File Processing Stats

File Path                                   PID    Runtime      # DAGs    # Errors  Last Runtime    Last Run
------------------------------------------  -----  ---------  --------  ----------  --------------  -------------------
/opt/airflow/dags/codestats_to_postgres.py                           1           0  0.31s           2025-10-31T13:37:24
================================================================================
[2025-10-31T13:38:21.259+0000] {manager.py:878} INFO - 
================================================================================
DAG File Processing Stats

File Path                                   PID    Runtime      # DAGs    # Errors  Last Runtime    Last Run
------------------------------------------  -----  ---------  --------  ----------  --------------  -------------------
/opt/airflow/dags/codestats_to_postgres.py                           1           0  0.34s           2025-10-31T13:37:55
================================================================================
[2025-10-31T13:38:51.626+0000] {manager.py:878} INFO - 
================================================================================
DAG File Processing Stats

File Path                                   PID    Runtime      # DAGs    # Errors  Last Runtime    Last Run
------------------------------------------  -----  ---------  --------  ----------  --------------  -------------------
/opt/airflow/dags/codestats_to_postgres.py                           1           0  0.41s           2025-10-31T13:38:25
================================================================================
[2025-10-31T13:39:22.216+0000] {manager.py:878} INFO - 
================================================================================
DAG File Processing Stats

File Path                                   PID    Runtime      # DAGs    # Errors  Last Runtime    Last Run
------------------------------------------  -----  ---------  --------  ----------  --------------  -------------------
/opt/airflow/dags/codestats_to_postgres.py                           1           0  0.38s           2025-10-31T13:38:56
================================================================================
[2025-10-31T13:39:52.613+0000] {manager.py:878} INFO - 
================================================================================
DAG File Processing Stats

File Path                                   PID    Runtime      # DAGs    # Errors  Last Runtime    Last Run
------------------------------------------  -----  ---------  --------  ----------  --------------  -------------------
/opt/airflow/dags/codestats_to_postgres.py                           1           0  0.33s           2025-10-31T13:39:26
================================================================================
[2025-10-31T13:40:23.136+0000] {manager.py:878} INFO - 
================================================================================
DAG File Processing Stats

File Path                                   PID    Runtime      # DAGs    # Errors  Last Runtime    Last Run
------------------------------------------  -----  ---------  --------  ----------  --------------  -------------------
/opt/airflow/dags/codestats_to_postgres.py                           1           0  0.32s           2025-10-31T13:39:56
================================================================================
[2025-10-31T13:40:53.485+0000] {manager.py:878} INFO - 
================================================================================
DAG File Processing Stats

File Path                                   PID    Runtime      # DAGs    # Errors  Last Runtime    Last Run
------------------------------------------  -----  ---------  --------  ----------  --------------  -------------------
/opt/airflow/dags/codestats_to_postgres.py                           1           0  0.42s           2025-10-31T13:40:27
================================================================================
[2025-10-31T13:41:15.995+0000] {manager.py:737} INFO - Searching for files in /opt/airflow/dags
[2025-10-31T13:41:16.067+0000] {manager.py:740} INFO - There are 1 files in /opt/airflow/dags
[2025-10-31T13:41:23.461+0000] {manager.py:878} INFO - 
================================================================================
DAG File Processing Stats

File Path                                   PID    Runtime      # DAGs    # Errors  Last Runtime    Last Run
------------------------------------------  -----  ---------  --------  ----------  --------------  -------------------
/opt/airflow/dags/codestats_to_postgres.py                           1           0  0.37s           2025-10-31T13:40:58
================================================================================
[2025-10-31T13:41:53.710+0000] {manager.py:878} INFO - 
================================================================================
DAG File Processing Stats

File Path                                   PID    Runtime      # DAGs    # Errors  Last Runtime    Last Run
------------------------------------------  -----  ---------  --------  ----------  --------------  -------------------
/opt/airflow/dags/codestats_to_postgres.py                           1           0  0.36s           2025-10-31T13:41:28
================================================================================
[2025-10-31T13:42:24.258+0000] {manager.py:878} INFO - 
================================================================================
DAG File Processing Stats

File Path                                   PID    Runtime      # DAGs    # Errors  Last Runtime    Last Run
------------------------------------------  -----  ---------  --------  ----------  --------------  -------------------
/opt/airflow/dags/codestats_to_postgres.py                           1           0  0.34s           2025-10-31T13:41:59
================================================================================
[2025-10-31T13:42:54.953+0000] {manager.py:878} INFO - 
================================================================================
DAG File Processing Stats

File Path                                   PID    Runtime      # DAGs    # Errors  Last Runtime    Last Run
------------------------------------------  -----  ---------  --------  ----------  --------------  -------------------
/opt/airflow/dags/codestats_to_postgres.py                           1           0  0.39s           2025-10-31T13:42:29
================================================================================
[2025-10-31T13:43:25.265+0000] {manager.py:878} INFO - 
================================================================================
DAG File Processing Stats

File Path                                   PID    Runtime      # DAGs    # Errors  Last Runtime    Last Run
------------------------------------------  -----  ---------  --------  ----------  --------------  -------------------
/opt/airflow/dags/codestats_to_postgres.py                           1           0  0.31s           2025-10-31T13:43:00
================================================================================
[2025-10-31T13:43:55.139+0000] {manager.py:878} INFO - 
================================================================================
DAG File Processing Stats

File Path                                   PID    Runtime      # DAGs    # Errors  Last Runtime    Last Run
------------------------------------------  -----  ---------  --------  ----------  --------------  -------------------
/opt/airflow/dags/codestats_to_postgres.py                           1           0  0.58s           2025-10-31T13:43:31
================================================================================
[2025-10-31T13:44:25.255+0000] {manager.py:878} INFO - 
================================================================================
DAG File Processing Stats

File Path                                   PID    Runtime      # DAGs    # Errors  Last Runtime    Last Run
------------------------------------------  -----  ---------  --------  ----------  --------------  -------------------
/opt/airflow/dags/codestats_to_postgres.py                           1           0  0.29s           2025-10-31T13:44:01
================================================================================
[2025-10-31T13:44:55.657+0000] {manager.py:878} INFO - 
================================================================================
DAG File Processing Stats

File Path                                   PID    Runtime      # DAGs    # Errors  Last Runtime    Last Run
------------------------------------------  -----  ---------  --------  ----------  --------------  -------------------
/opt/airflow/dags/codestats_to_postgres.py                           1           0  0.35s           2025-10-31T13:44:31
================================================================================
[2025-10-31T13:45:25.457+0000] {manager.py:878} INFO - 
================================================================================
DAG File Processing Stats

File Path                                   PID    Runtime      # DAGs    # Errors  Last Runtime    Last Run
------------------------------------------  -----  ---------  --------  ----------  --------------  -------------------
/opt/airflow/dags/codestats_to_postgres.py                           1           0  0.39s           2025-10-31T13:45:02
================================================================================
[2025-10-31T13:45:55.503+0000] {manager.py:878} INFO - 
================================================================================
DAG File Processing Stats

File Path                                   PID    Runtime      # DAGs    # Errors  Last Runtime    Last Run
------------------------------------------  -----  ---------  --------  ----------  --------------  -------------------
/opt/airflow/dags/codestats_to_postgres.py                           1           0  0.34s           2025-10-31T13:45:32
================================================================================
[2025-10-31T13:46:16.134+0000] {manager.py:737} INFO - Searching for files in /opt/airflow/dags
[2025-10-31T13:46:16.231+0000] {manager.py:740} INFO - There are 1 files in /opt/airflow/dags
[2025-10-31T13:46:25.231+0000] {manager.py:878} INFO - 
================================================================================
DAG File Processing Stats

File Path                                   PID    Runtime      # DAGs    # Errors  Last Runtime    Last Run
------------------------------------------  -----  ---------  --------  ----------  --------------  -------------------
/opt/airflow/dags/codestats_to_postgres.py                           1           0  0.39s           2025-10-31T13:46:03
================================================================================
[2025-10-31T13:46:54.883+0000] {manager.py:878} INFO - 
================================================================================
DAG File Processing Stats

File Path                                   PID    Runtime      # DAGs    # Errors  Last Runtime    Last Run
------------------------------------------  -----  ---------  --------  ----------  --------------  -------------------
/opt/airflow/dags/codestats_to_postgres.py                           1           0  0.58s           2025-10-31T13:46:33
================================================================================
[2025-10-31T13:47:24.856+0000] {manager.py:878} INFO - 
================================================================================
DAG File Processing Stats

File Path                                   PID    Runtime      # DAGs    # Errors  Last Runtime    Last Run
------------------------------------------  -----  ---------  --------  ----------  --------------  -------------------
/opt/airflow/dags/codestats_to_postgres.py                           1           0  0.72s           2025-10-31T13:47:04
================================================================================
[2025-10-31T13:47:55.493+0000] {manager.py:878} INFO - 
================================================================================
DAG File Processing Stats

File Path                                   PID    Runtime      # DAGs    # Errors  Last Runtime    Last Run
------------------------------------------  -----  ---------  --------  ----------  --------------  -------------------
/opt/airflow/dags/codestats_to_postgres.py                           0           1  0.45s           2025-10-31T13:47:31
================================================================================
[2025-10-31T13:48:25.407+0000] {manager.py:878} INFO - 
================================================================================
DAG File Processing Stats

File Path                                   PID    Runtime      # DAGs    # Errors  Last Runtime    Last Run
------------------------------------------  -----  ---------  --------  ----------  --------------  -------------------
/opt/airflow/dags/codestats_to_postgres.py                           1           0  0.75s           2025-10-31T13:47:58
================================================================================
[2025-10-31T13:48:55.646+0000] {manager.py:878} INFO - 
================================================================================
DAG File Processing Stats

File Path                                   PID    Runtime      # DAGs    # Errors  Last Runtime    Last Run
------------------------------------------  -----  ---------  --------  ----------  --------------  -------------------
/opt/airflow/dags/codestats_to_postgres.py                           1           0  0.94s           2025-10-31T13:48:53
================================================================================
[2025-10-31T13:49:26.198+0000] {manager.py:878} INFO - 
================================================================================
DAG File Processing Stats

File Path                                   PID    Runtime      # DAGs    # Errors  Last Runtime    Last Run
------------------------------------------  -----  ---------  --------  ----------  --------------  -------------------
/opt/airflow/dags/codestats_to_postgres.py                           1           0  0.50s           2025-10-31T13:49:24
================================================================================
[2025-10-31T13:49:56.773+0000] {manager.py:878} INFO - 
================================================================================
DAG File Processing Stats

File Path                                   PID    Runtime      # DAGs    # Errors  Last Runtime    Last Run
------------------------------------------  -----  ---------  --------  ----------  --------------  -------------------
/opt/airflow/dags/codestats_to_postgres.py                           1           0  0.29s           2025-10-31T13:49:55
================================================================================
[2025-10-31T13:50:26.649+0000] {manager.py:878} INFO - 
================================================================================
DAG File Processing Stats

File Path                                   PID    Runtime      # DAGs    # Errors  Last Runtime    Last Run
------------------------------------------  -----  ---------  --------  ----------  --------------  -------------------
/opt/airflow/dags/codestats_to_postgres.py                           1           0  0.37s           2025-10-31T13:50:25
================================================================================
[2025-10-31T13:50:56.938+0000] {manager.py:878} INFO - 
================================================================================
DAG File Processing Stats

File Path                                   PID    Runtime      # DAGs    # Errors  Last Runtime    Last Run
------------------------------------------  -----  ---------  --------  ----------  --------------  -------------------
/opt/airflow/dags/codestats_to_postgres.py                           1           0  0.29s           2025-10-31T13:50:56
================================================================================
[2025-10-31T13:51:16.349+0000] {manager.py:737} INFO - Searching for files in /opt/airflow/dags
[2025-10-31T13:51:16.399+0000] {manager.py:740} INFO - There are 1 files in /opt/airflow/dags
[2025-10-31T13:51:27.542+0000] {manager.py:878} INFO - 
================================================================================
DAG File Processing Stats

File Path                                   PID    Runtime      # DAGs    # Errors  Last Runtime    Last Run
------------------------------------------  -----  ---------  --------  ----------  --------------  -------------------
/opt/airflow/dags/codestats_to_postgres.py                           1           0  0.32s           2025-10-31T13:51:26
================================================================================
[2025-10-31T13:51:57.575+0000] {manager.py:878} INFO - 
================================================================================
DAG File Processing Stats

File Path                                   PID    Runtime      # DAGs    # Errors  Last Runtime    Last Run
------------------------------------------  -----  ---------  --------  ----------  --------------  -------------------
/opt/airflow/dags/codestats_to_postgres.py                           1           0  0.40s           2025-10-31T13:51:57
================================================================================
[2025-10-31T13:52:27.942+0000] {manager.py:878} INFO - 
================================================================================
DAG File Processing Stats

File Path                                     PID  Runtime      # DAGs    # Errors  Last Runtime    Last Run
------------------------------------------  -----  ---------  --------  ----------  --------------  -------------------
/opt/airflow/dags/codestats_to_postgres.py    889  0.01s             1           0  0.40s           2025-10-31T13:51:57
================================================================================
[2025-10-31T13:52:58.336+0000] {manager.py:878} INFO - 
================================================================================
DAG File Processing Stats

File Path                                   PID    Runtime      # DAGs    # Errors  Last Runtime    Last Run
------------------------------------------  -----  ---------  --------  ----------  --------------  -------------------
/opt/airflow/dags/codestats_to_postgres.py                           1           0  0.49s           2025-10-31T13:52:28
================================================================================
[2025-10-31T13:53:28.586+0000] {manager.py:878} INFO - 
================================================================================
DAG File Processing Stats

File Path                                   PID    Runtime      # DAGs    # Errors  Last Runtime    Last Run
------------------------------------------  -----  ---------  --------  ----------  --------------  -------------------
/opt/airflow/dags/codestats_to_postgres.py                           1           0  0.42s           2025-10-31T13:52:59
================================================================================
[2025-10-31T13:53:38.220+0000] {manager.py:452} INFO - Exiting gracefully upon receiving signal 15
[2025-10-31T13:58:40.558+0000] {manager.py:470} INFO - Processing files using up to 2 processes at a time 
[2025-10-31T13:58:40.562+0000] {manager.py:471} INFO - Process each file at most once every 30 seconds
[2025-10-31T13:58:40.567+0000] {manager.py:472} INFO - Checking for new files in /opt/airflow/dags every 300 seconds
[2025-10-31T13:58:40.571+0000] {manager.py:737} INFO - Searching for files in /opt/airflow/dags
[2025-10-31T13:58:40.643+0000] {manager.py:740} INFO - There are 1 files in /opt/airflow/dags
[2025-10-31T13:58:42.275+0000] {manager.py:878} INFO - 
================================================================================
DAG File Processing Stats

File Path                                     PID  Runtime      # DAGs    # Errors  Last Runtime    Last Run
------------------------------------------  -----  ---------  --------  ----------  --------------  ----------
/opt/airflow/dags/codestats_to_postgres.py    178  0.43s             0           0
================================================================================
[2025-10-31T13:59:12.695+0000] {manager.py:878} INFO - 
================================================================================
DAG File Processing Stats

File Path                                   PID    Runtime      # DAGs    # Errors  Last Runtime    Last Run
------------------------------------------  -----  ---------  --------  ----------  --------------  -------------------
/opt/airflow/dags/codestats_to_postgres.py                           1           0  1.94s           2025-10-31T13:58:43
================================================================================
[2025-10-31T13:59:43.064+0000] {manager.py:878} INFO - 
================================================================================
DAG File Processing Stats

File Path                                   PID    Runtime      # DAGs    # Errors  Last Runtime    Last Run
------------------------------------------  -----  ---------  --------  ----------  --------------  -------------------
/opt/airflow/dags/codestats_to_postgres.py                           1           0  0.46s           2025-10-31T13:59:14
================================================================================
[2025-10-31T14:00:13.499+0000] {manager.py:878} INFO - 
================================================================================
DAG File Processing Stats

File Path                                   PID    Runtime      # DAGs    # Errors  Last Runtime    Last Run
------------------------------------------  -----  ---------  --------  ----------  --------------  -------------------
/opt/airflow/dags/codestats_to_postgres.py                           1           0  0.37s           2025-10-31T13:59:45
================================================================================
[2025-10-31T14:00:44.205+0000] {manager.py:878} INFO - 
================================================================================
DAG File Processing Stats

File Path                                   PID    Runtime      # DAGs    # Errors  Last Runtime    Last Run
------------------------------------------  -----  ---------  --------  ----------  --------------  -------------------
/opt/airflow/dags/codestats_to_postgres.py                           1           0  0.29s           2025-10-31T14:00:15
================================================================================
[2025-10-31T14:01:14.601+0000] {manager.py:878} INFO - 
================================================================================
DAG File Processing Stats

File Path                                   PID    Runtime      # DAGs    # Errors  Last Runtime    Last Run
------------------------------------------  -----  ---------  --------  ----------  --------------  -------------------
/opt/airflow/dags/codestats_to_postgres.py                           1           0  0.44s           2025-10-31T14:00:46
================================================================================
[2025-10-31T14:01:44.722+0000] {manager.py:878} INFO - 
================================================================================
DAG File Processing Stats

File Path                                   PID    Runtime      # DAGs    # Errors  Last Runtime    Last Run
------------------------------------------  -----  ---------  --------  ----------  --------------  -------------------
/opt/airflow/dags/codestats_to_postgres.py                           1           0  0.34s           2025-10-31T14:01:17
================================================================================
[2025-10-31T14:02:15.078+0000] {manager.py:878} INFO - 
================================================================================
DAG File Processing Stats

File Path                                   PID    Runtime      # DAGs    # Errors  Last Runtime    Last Run
------------------------------------------  -----  ---------  --------  ----------  --------------  -------------------
/opt/airflow/dags/codestats_to_postgres.py                           1           0  0.53s           2025-10-31T14:01:48
================================================================================
[2025-10-31T14:02:45.721+0000] {manager.py:878} INFO - 
================================================================================
DAG File Processing Stats

File Path                                   PID    Runtime      # DAGs    # Errors  Last Runtime    Last Run
------------------------------------------  -----  ---------  --------  ----------  --------------  -------------------
/opt/airflow/dags/codestats_to_postgres.py                           1           0  0.40s           2025-10-31T14:02:18
================================================================================
[2025-10-31T14:03:16.164+0000] {manager.py:878} INFO - 
================================================================================
DAG File Processing Stats

File Path                                   PID    Runtime      # DAGs    # Errors  Last Runtime    Last Run
------------------------------------------  -----  ---------  --------  ----------  --------------  -------------------
/opt/airflow/dags/codestats_to_postgres.py                           1           0  0.30s           2025-10-31T14:02:49
================================================================================
[2025-10-31T14:03:40.603+0000] {manager.py:737} INFO - Searching for files in /opt/airflow/dags
[2025-10-31T14:03:40.684+0000] {manager.py:740} INFO - There are 1 files in /opt/airflow/dags
[2025-10-31T14:03:46.791+0000] {manager.py:878} INFO - 
================================================================================
DAG File Processing Stats

File Path                                   PID    Runtime      # DAGs    # Errors  Last Runtime    Last Run
------------------------------------------  -----  ---------  --------  ----------  --------------  -------------------
/opt/airflow/dags/codestats_to_postgres.py                           1           0  0.36s           2025-10-31T14:03:19
================================================================================
[2025-10-31T14:04:17.223+0000] {manager.py:878} INFO - 
================================================================================
DAG File Processing Stats

File Path                                   PID    Runtime      # DAGs    # Errors  Last Runtime    Last Run
------------------------------------------  -----  ---------  --------  ----------  --------------  -------------------
/opt/airflow/dags/codestats_to_postgres.py                           1           0  0.28s           2025-10-31T14:03:50
================================================================================
[2025-10-31T14:04:47.743+0000] {manager.py:878} INFO - 
================================================================================
DAG File Processing Stats

File Path                                   PID    Runtime      # DAGs    # Errors  Last Runtime    Last Run
------------------------------------------  -----  ---------  --------  ----------  --------------  -------------------
/opt/airflow/dags/codestats_to_postgres.py                           1           0  0.50s           2025-10-31T14:04:20
================================================================================
[2025-10-31T14:05:18.051+0000] {manager.py:878} INFO - 
================================================================================
DAG File Processing Stats

File Path                                   PID    Runtime      # DAGs    # Errors  Last Runtime    Last Run
------------------------------------------  -----  ---------  --------  ----------  --------------  -------------------
/opt/airflow/dags/codestats_to_postgres.py                           1           0  0.26s           2025-10-31T14:04:51
================================================================================
[2025-11-01T05:30:25.259+0000] {manager.py:737} INFO - Searching for files in /opt/airflow/dags
[2025-11-01T05:30:26.406+0000] {manager.py:740} INFO - There are 1 files in /opt/airflow/dags
[2025-11-01T05:30:36.806+0000] {manager.py:878} INFO - 
================================================================================
DAG File Processing Stats

File Path                                   PID    Runtime      # DAGs    # Errors  Last Runtime    Last Run
------------------------------------------  -----  ---------  --------  ----------  --------------  -------------------
/opt/airflow/dags/codestats_to_postgres.py                           1           0  6.77s           2025-11-01T05:30:33
================================================================================
[2025-11-01T05:31:08.181+0000] {manager.py:878} INFO - 
================================================================================
DAG File Processing Stats

File Path                                   PID    Runtime      # DAGs    # Errors  Last Runtime    Last Run
------------------------------------------  -----  ---------  --------  ----------  --------------  -------------------
/opt/airflow/dags/codestats_to_postgres.py                           1           0  2.29s           2025-11-01T05:31:07
================================================================================
[2025-11-01T05:31:39.409+0000] {manager.py:878} INFO - 
================================================================================
DAG File Processing Stats

File Path                                   PID    Runtime      # DAGs    # Errors  Last Runtime    Last Run
------------------------------------------  -----  ---------  --------  ----------  --------------  -------------------
/opt/airflow/dags/codestats_to_postgres.py                           1           0  1.11s           2025-11-01T05:31:38
================================================================================
[2025-11-04T12:33:33.340+0000] {manager.py:737} INFO - Searching for files in /opt/airflow/dags
[2025-11-04T12:33:33.872+0000] {manager.py:740} INFO - There are 1 files in /opt/airflow/dags
[2025-11-04T12:33:51.278+0000] {manager.py:878} INFO - 
================================================================================
DAG File Processing Stats

File Path                                   PID    Runtime      # DAGs    # Errors  Last Runtime    Last Run
------------------------------------------  -----  ---------  --------  ----------  --------------  -------------------
/opt/airflow/dags/codestats_to_postgres.py                           1           0  4.48s           2025-11-04T12:33:39
================================================================================
[2025-11-04T12:34:21.493+0000] {manager.py:878} INFO - 
================================================================================
DAG File Processing Stats

File Path                                   PID    Runtime      # DAGs    # Errors  Last Runtime    Last Run
------------------------------------------  -----  ---------  --------  ----------  --------------  -------------------
/opt/airflow/dags/codestats_to_postgres.py                           1           0  2.34s           2025-11-04T12:34:11
================================================================================
[2025-11-04T12:34:51.627+0000] {manager.py:878} INFO - 
================================================================================
DAG File Processing Stats

File Path                                   PID    Runtime      # DAGs    # Errors  Last Runtime    Last Run
------------------------------------------  -----  ---------  --------  ----------  --------------  -------------------
/opt/airflow/dags/codestats_to_postgres.py                           1           0  1.27s           2025-11-04T12:34:43
================================================================================
[2025-11-04T12:35:25.079+0000] {manager.py:878} INFO - 
================================================================================
DAG File Processing Stats

File Path                                   PID    Runtime      # DAGs    # Errors  Last Runtime    Last Run
------------------------------------------  -----  ---------  --------  ----------  --------------  -------------------
/opt/airflow/dags/codestats_to_postgres.py                           1           0  0.82s           2025-11-04T12:35:14
================================================================================
[2025-11-04T12:35:56.250+0000] {manager.py:878} INFO - 
================================================================================
DAG File Processing Stats

File Path                                   PID    Runtime      # DAGs    # Errors  Last Runtime    Last Run
------------------------------------------  -----  ---------  --------  ----------  --------------  -------------------
/opt/airflow/dags/codestats_to_postgres.py                           1           0  0.57s           2025-11-04T12:35:45
================================================================================
[2025-11-04T12:36:22.304+0000] {manager.py:878} INFO - 
================================================================================
DAG File Processing Stats

File Path                                   PID    Runtime      # DAGs    # Errors  Last Runtime    Last Run
------------------------------------------  -----  ---------  --------  ----------  --------------  -------------------
/opt/airflow/dags/codestats_to_postgres.py                           1           0  1.30s           2025-11-04T12:36:17
================================================================================
[2025-11-05T05:01:12.790+0000] {manager.py:737} INFO - Searching for files in /opt/airflow/dags
[2025-11-05T05:01:13.016+0000] {manager.py:740} INFO - There are 1 files in /opt/airflow/dags
[2025-11-05T05:01:34.423+0000] {manager.py:878} INFO - 
================================================================================
DAG File Processing Stats

File Path                                   PID    Runtime      # DAGs    # Errors  Last Runtime    Last Run
------------------------------------------  -----  ---------  --------  ----------  --------------  -------------------
/opt/airflow/dags/codestats_to_postgres.py                           1           0  0.99s           2025-11-05T05:01:14
================================================================================
[2025-11-05T05:02:05.591+0000] {manager.py:878} INFO - 
================================================================================
DAG File Processing Stats

File Path                                   PID    Runtime      # DAGs    # Errors  Last Runtime    Last Run
------------------------------------------  -----  ---------  --------  ----------  --------------  -------------------
/opt/airflow/dags/codestats_to_postgres.py                           1           0  0.68s           2025-11-05T05:01:45
================================================================================
[2025-11-05T05:02:07.927+0000] {manager.py:452} INFO - Exiting gracefully upon receiving signal 15
